#
# There is insufficient memory for the Java Runtime Environment to continue.
# Native memory allocation (mmap) failed to map 65536 bytes for Failed to commit metaspace.
# Possible reasons:
#   The system is out of physical RAM or swap space
#   The process is running with CompressedOops enabled, and the Java Heap may be blocking the growth of the native heap
# Possible solutions:
#   Reduce memory load on the system
#   Increase physical memory or swap space
#   Check if swap backing store is full
#   Decrease Java heap size (-Xmx/-Xms)
#   Decrease number of Java threads
#   Decrease Java thread stack sizes (-Xss)
#   Set larger code cache with -XX:ReservedCodeCacheSize=
#   JVM is running with Zero Based Compressed Oops mode in which the Java heap is
#     placed in the first 32GB address space. The Java Heap base address is the
#     maximum limit for the native heap growth. Please use -XX:HeapBaseMinAddress
#     to set the Java Heap base and to place the Java Heap above 32GB virtual address.
# This output file may be truncated or incomplete.
#
#  Out of Memory Error (virtualSpaceNode.cpp:110), pid=305636, tid=325196
#
# JRE version: OpenJDK Runtime Environment Corretto-17.0.10.7.1 (17.0.10+7) (build 17.0.10+7-LTS)
# Java VM: OpenJDK 64-Bit Server VM Corretto-17.0.10.7.1 (17.0.10+7-LTS, mixed mode, emulated-client, sharing, tiered, compressed oops, compressed class ptrs, g1 gc, windows-amd64)
# No core dump will be written. Minidumps are not enabled by default on client versions of Windows
#

---------------  S U M M A R Y ------------

Command Line: -XX:TieredStopAtLevel=1 -Dspring.output.ansi.enabled=always -Dcom.sun.management.jmxremote -Dspring.jmx.enabled=true -Dspring.liveBeansView.mbeanDomain -Dspring.application.admin.enabled=true -Dmanagement.endpoints.jmx.exposure.include=* -javaagent:C:\Program Files\JetBrains\IntelliJ IDEA 2023.3.4\lib\idea_rt.jar=63022:C:\Program Files\JetBrains\IntelliJ IDEA 2023.3.4\bin -Dfile.encoding=UTF-8 at.fhv.lab1.commandclient.writer_repository.repositories.SchemaCreator

Host: Intel(R) Core(TM) i7-8550U CPU @ 1.80GHz, 8 cores, 15G,  Windows 11 , 64 bit Build 22621 (10.0.22621.3235)
Time: Sat Mar 23 21:42:08 2024 Mitteleuropäische Zeit elapsed time: 8.333184 seconds (0d 0h 0m 8s)

---------------  T H R E A D  ---------------

Current thread (0x000001bc6282efb0):  JavaThread "background-preinit" [_thread_in_vm, id=325196, stack(0x00000075a2d00000,0x00000075a2e00000)]

Stack: [0x00000075a2d00000,0x00000075a2e00000]
Native frames: (J=compiled Java code, j=interpreted, Vv=VM code, C=native code)
V  [jvm.dll+0x67d2c9]
V  [jvm.dll+0x834b1a]
V  [jvm.dll+0x8365de]
V  [jvm.dll+0x836c43]
V  [jvm.dll+0x2477ff]
V  [jvm.dll+0x8307db]
V  [jvm.dll+0x621d16]
V  [jvm.dll+0x1c183e]
V  [jvm.dll+0x624671]
V  [jvm.dll+0x6226b6]
V  [jvm.dll+0x23bd4f]
V  [jvm.dll+0x62c565]
V  [jvm.dll+0x1eb80b]
V  [jvm.dll+0x1ebd45]
V  [jvm.dll+0x1ec800]
V  [jvm.dll+0x1e1c01]
V  [jvm.dll+0x5427ce]
V  [jvm.dll+0x7aeba8]
V  [jvm.dll+0x7aec94]
V  [jvm.dll+0x4108f5]
V  [jvm.dll+0x416a79]
C  [java.dll+0x17ec]

Java frames: (J=compiled Java code, j=interpreted, Vv=VM code)
J 1176  java.lang.ClassLoader.defineClass1(Ljava/lang/ClassLoader;Ljava/lang/String;[BIILjava/security/ProtectionDomain;Ljava/lang/String;)Ljava/lang/Class; java.base@17.0.10 (0 bytes) @ 0x000001bc0d429863 [0x000001bc0d4297a0+0x00000000000000c3]
J 1212 c1 java.lang.ClassLoader.defineClass(Ljava/lang/String;[BIILjava/security/ProtectionDomain;)Ljava/lang/Class; java.base@17.0.10 (43 bytes) @ 0x000001bc0d43ac6c [0x000001bc0d43ab60+0x000000000000010c]
J 1203 c1 jdk.internal.loader.BuiltinClassLoader.defineClass(Ljava/lang/String;Ljdk/internal/loader/Resource;)Ljava/lang/Class; java.base@17.0.10 (121 bytes) @ 0x000001bc0d437974 [0x000001bc0d4374a0+0x00000000000004d4]
J 1187 c1 jdk.internal.loader.BuiltinClassLoader.findClassOnClassPathOrNull(Ljava/lang/String;)Ljava/lang/Class; java.base@17.0.10 (64 bytes) @ 0x000001bc0d43086c [0x000001bc0d4305a0+0x00000000000002cc]
J 1000 c1 jdk.internal.loader.BuiltinClassLoader.loadClassOrNull(Ljava/lang/String;Z)Ljava/lang/Class; java.base@17.0.10 (143 bytes) @ 0x000001bc0d3de184 [0x000001bc0d3ddd00+0x0000000000000484]
J 1118 c1 jdk.internal.loader.ClassLoaders$AppClassLoader.loadClass(Ljava/lang/String;Z)Ljava/lang/Class; java.base@17.0.10 (40 bytes) @ 0x000001bc0d412f2c [0x000001bc0d412de0+0x000000000000014c]
J 1115 c1 java.lang.ClassLoader.loadClass(Ljava/lang/String;)Ljava/lang/Class; java.base@17.0.10 (7 bytes) @ 0x000001bc0d412364 [0x000001bc0d412320+0x0000000000000044]
v  ~StubRoutines::call_stub
j  org.springframework.http.converter.json.Jackson2ObjectMapperBuilder.build()Lcom/fasterxml/jackson/databind/ObjectMapper;+77
j  org.springframework.http.converter.json.MappingJackson2HttpMessageConverter.<init>()V+4
j  org.springframework.http.converter.support.AllEncompassingFormHttpMessageConverter.<init>()V+55
j  org.springframework.boot.autoconfigure.BackgroundPreinitializer$MessageConverterInitializer.run()V+4
j  org.springframework.boot.autoconfigure.BackgroundPreinitializer$1.runSafely(Ljava/lang/Runnable;)Z+1
j  org.springframework.boot.autoconfigure.BackgroundPreinitializer$1.run()V+32
j  java.lang.Thread.run()V+11 java.base@17.0.10
v  ~StubRoutines::call_stub

Compiled method (n/a)    8387 1176     n 0       java.lang.ClassLoader::defineClass1 (native)
 total in heap  [0x000001bc0d429610,0x000001bc0d429af0] = 1248
 relocation     [0x000001bc0d429768,0x000001bc0d4297a0] = 56
 main code      [0x000001bc0d4297a0,0x000001bc0d429af0] = 848

[Constant Pool (empty)]

[MachCode]
[Entry Point]
  # {method} {0x000001bc1d010f28} 'defineClass1' '(Ljava/lang/ClassLoader;Ljava/lang/String;[BIILjava/security/ProtectionDomain;Ljava/lang/String;)Ljava/lang/Class;' in 'java/lang/ClassLoader'
  # parm0:    rdx:rdx   = 'java/lang/ClassLoader'
  # parm1:    r8:r8     = 'java/lang/String'
  # parm2:    r9:r9     = '[B'
  # parm3:    rdi       = int
  # parm4:    rsi       = int
  # parm5:    rcx:rcx   = 'java/security/ProtectionDomain'
  # parm6:    [sp+0xa0]   = 'java/lang/String'  (sp of caller)
  0x000001bc0d4297a0: 448b 5208 | 49bb 0000 | 001d bc01 | 0000 4d03 | d349 3bc2 | 0f84 0600 

  0x000001bc0d4297b8: ;   {runtime_call ic_miss_stub}
  0x000001bc0d4297b8: 0000 e9c1 | 78c7 ff90 
[Verified Entry Point]
  0x000001bc0d4297c0: 8984 2400 | 90ff ff55 | 488b ec48 | 81ec 9000 | 0000 4881 | 7d10 0000 | 0000 488d | 4510 480f 
  0x000001bc0d4297e0: 4445 1048 | 8944 2440 | 4889 4c24 | 7048 83f9 | 0048 8d44 | 2470 480f | 4444 2470 | 4889 4424 
  0x000001bc0d429800: 3848 8974 | 2430 4889 | 7c24 284c | 894c 2458 | 4983 f900 | 488d 4424 | 5848 0f44 | 4424 5848 
  0x000001bc0d429820: 8944 2420 | 4c89 4424 | 5049 83f8 | 004c 8d4c | 2450 4c0f | 444c 2450 | 4889 5424 | 4848 83fa 
  0x000001bc0d429840: 004c 8d44 | 2448 4c0f | 4444 2448 

  0x000001bc0d42984c: ;   {oop(a 'java/lang/Class'{0x0000000702c9e5d8} = 'java/lang/ClassLoader')}
  0x000001bc0d42984c: 49be d8e5 | c902 0700 | 0000 4c89 | 7424 784c | 8d74 2478 | 498b d6c5 

  0x000001bc0d429864: ;   {internal_word}
  0x000001bc0d429864: f877 49ba | 6398 420d | bc01 0000 | 4d89 97a0 | 0200 0049 | 89a7 9802 

  0x000001bc0d42987c: ;   {external_word}
  0x000001bc0d42987c: 0000 49ba | 7935 00e4 | fc7f 0000 | 4180 3a00 | 0f84 5200 | 0000 5241 

  0x000001bc0d429894: ;   {metadata({method} {0x000001bc1d010f28} 'defineClass1' '(Ljava/lang/ClassLoader;Ljava/lang/String;[BIILjava/security/ProtectionDomain;Ljava/lang/String;)Ljava/lang/Class;' in 'java/lang/ClassLoader')}
  0x000001bc0d429894: 5041 5148 | ba20 0f01 | 1dbc 0100 | 0049 8bcf | 4883 ec20 | f7c4 0f00 | 0000 0f84 | 1a00 0000 
  0x000001bc0d4298b4: 4883 ec08 

  0x000001bc0d4298b8: ;   {runtime_call}
  0x000001bc0d4298b8: 49ba 0030 | b6e3 fc7f | 0000 41ff | d248 83c4 | 08e9 0d00 

  0x000001bc0d4298cc: ;   {runtime_call}
  0x000001bc0d4298cc: 0000 49ba | 0030 b6e3 | fc7f 0000 | 41ff d248 | 83c4 2041 | 5941 585a | 498d 8fb8 | 0200 0041 
  0x000001bc0d4298ec: c787 4803 | 0000 0400 

  0x000001bc0d4298f4: ;   {runtime_call}
  0x000001bc0d4298f4: 0000 49ba | ac16 ceaa | fd7f 0000 | 41ff d2c5 | f877 41c7 | 8748 0300 | 0005 0000 | 00f0 8344 
  0x000001bc0d429914: 24c0 0049 | 3baf 5003 | 0000 0f87 | 1100 0000 | 4181 bf38 | 0300 0000 | 0000 000f | 842c 0000 
  0x000001bc0d429934: 00c5 f877 | 4889 45f8 | 498b cf4c | 8be4 4883 | ec20 4883 

  0x000001bc0d429948: ;   {runtime_call}
  0x000001bc0d429948: e4f0 49ba | 9044 c6e3 | fc7f 0000 | 41ff d249 | 8be4 4d33 | e448 8b45 | f841 c787 | 4803 0000 
  0x000001bc0d429968: 0800 0000 | 4181 bfb8 | 0300 0002 | 0000 000f | 843f 0100 

  0x000001bc0d42997c: ;   {external_word}
  0x000001bc0d42997c: 0049 ba79 | 3500 e4fc | 7f00 0041 | 803a 000f | 8450 0000 | 0048 8945 

  0x000001bc0d429994: ;   {metadata({method} {0x000001bc1d010f28} 'defineClass1' '(Ljava/lang/ClassLoader;Ljava/lang/String;[BIILjava/security/ProtectionDomain;Ljava/lang/String;)Ljava/lang/Class;' in 'java/lang/ClassLoader')}
  0x000001bc0d429994: f848 ba20 | 0f01 1dbc | 0100 0049 | 8bcf 4883 | ec20 f7c4 | 0f00 0000 | 0f84 1a00 | 0000 4883 
  0x000001bc0d4299b4: ;   {runtime_call}
  0x000001bc0d4299b4: ec08 49ba | 0030 b6e3 | fc7f 0000 | 41ff d248 | 83c4 08e9 | 0d00 0000 

  0x000001bc0d4299cc: ;   {runtime_call}
  0x000001bc0d4299cc: 49ba 0030 | b6e3 fc7f | 0000 41ff | d248 83c4 | 2048 8b45 | f849 c787 | 9802 0000 | 0000 0000 
  0x000001bc0d4299ec: 49c7 87a0 | 0200 0000 | 0000 00c5 | f877 4885 | c00f 8493 | 0000 0048 | f7c0 0100 | 0000 0f84 
  0x000001bc0d429a0c: 8300 0000 | 488b 40ff | 4180 7f38 | 000f 846f | 0000 0048 | 83f8 000f | 8465 0000 | 0049 8b4f 
  0x000001bc0d429a2c: 2048 83f9 | 000f 8414 | 0000 0048 | 83e9 0849 | 894f 2049 | 034f 3048 | 8901 e943 | 0000 0050 
  0x000001bc0d429a4c: 498b d748 | 8bc8 4883 | ec20 f7c4 | 0f00 0000 | 0f84 1a00 | 0000 4883 

  0x000001bc0d429a64: ;   {runtime_call}
  0x000001bc0d429a64: ec08 49ba | 6048 75e3 | fc7f 0000 | 41ff d248 | 83c4 08e9 | 0d00 0000 

  0x000001bc0d429a7c: ;   {runtime_call}
  0x000001bc0d429a7c: 49ba 6048 | 75e3 fc7f | 0000 41ff | d248 83c4 | 2058 e903 | 0000 0048 | 8b00 498b | 8fd8 0000 
  0x000001bc0d429a9c: 00c7 8100 | 0100 0000 | 0000 00c9 | 4981 7f08 | 0000 0000 | 0f85 0100 

  0x000001bc0d429ab4: ;   {runtime_call StubRoutines (1)}
  0x000001bc0d429ab4: 0000 c3e9 | 4474 c2ff | c5f8 7748 | 8945 f84c | 8be4 4883 | ec20 4883 

  0x000001bc0d429acc: ;   {runtime_call}
  0x000001bc0d429acc: e4f0 49ba | 8060 b6e3 | fc7f 0000 | 41ff d249 | 8be4 4d33 | e448 8b45 | f8e9 93fe | ffff f4f4 
  0x000001bc0d429aec: f4f4 f4f4 
[/MachCode]


Compiled method (c1)    8396 1212       1       java.lang.ClassLoader::defineClass (43 bytes)
 total in heap  [0x000001bc0d43a990,0x000001bc0d43af30] = 1440
 relocation     [0x000001bc0d43aae8,0x000001bc0d43ab48] = 96
 main code      [0x000001bc0d43ab60,0x000001bc0d43ad00] = 416
 stub code      [0x000001bc0d43ad00,0x000001bc0d43ad78] = 120
 metadata       [0x000001bc0d43ad78,0x000001bc0d43ada8] = 48
 scopes data    [0x000001bc0d43ada8,0x000001bc0d43ae60] = 184
 scopes pcs     [0x000001bc0d43ae60,0x000001bc0d43af00] = 160
 dependencies   [0x000001bc0d43af00,0x000001bc0d43af08] = 8
 nul chk table  [0x000001bc0d43af08,0x000001bc0d43af30] = 40

[Constant Pool (empty)]

[MachCode]
[Entry Point]
  # {method} {0x000001bc1d010cc0} 'defineClass' '(Ljava/lang/String;[BIILjava/security/ProtectionDomain;)Ljava/lang/Class;' in 'java/lang/ClassLoader'
  # this:     rdx:rdx   = 'java/lang/ClassLoader'
  # parm0:    r8:r8     = 'java/lang/String'
  # parm1:    r9:r9     = '[B'
  # parm2:    rdi       = int
  # parm3:    rsi       = int
  # parm4:    rcx:rcx   = 'java/security/ProtectionDomain'
  #           [sp+0xc0]  (sp of caller)
  0x000001bc0d43ab60: 448b 5208 | 49bb 0000 | 001d bc01 | 0000 4d03 | d34c 3bd0 

  0x000001bc0d43ab74: ;   {runtime_call ic_miss_stub}
  0x000001bc0d43ab74: 0f85 0665 | c6ff 660f | 1f44 0000 
[Verified Entry Point]
  0x000001bc0d43ab80: 8984 2400 | 90ff ff55 | 4881 ecb0 | 0000 0048 | 8954 2478 | 89b4 2494 | 0000 0089 | bc24 9000 
  0x000001bc0d43aba0: 0000 4c89 | 8c24 8800 | 0000 498b | d84c 8bc3 | 4c8b c948 | 8bca 488b | d148 899c | 2480 0000 
  0x000001bc0d43abc0: 0066 0f1f 

  0x000001bc0d43abc4: ;   {optimized virtual_call}
  0x000001bc0d43abc4: 4400 00e8 

  0x000001bc0d43abc8: ; ImmutableOopMap {[120]=Oop [136]=Oop [128]=Oop }
                      ;*invokevirtual preDefineClass {reexecute=0 rethrow=0 return_oop=0}
                      ; - java.lang.ClassLoader::defineClass@4 (line 1015)
  0x000001bc0d43abc8: f493 ffff | 4889 8424 | 9800 0000 

  0x000001bc0d43abd4: ; implicit exception: dispatches to 0x000001bc0d43acaa
  0x000001bc0d43abd4: 448b 4010 | 49c1 e003 | 4983 f800 | 0f85 0f00 

  0x000001bc0d43abe4: ;   {oop(NULL)}
  0x000001bc0d43abe4: 0000 48bb | 0000 0000 | 0000 0000 | e942 0000 | 0045 8b40 | 0c49 c1e0 | 0349 83f8 | 000f 850f 
  0x000001bc0d43ac04: ;   {oop(NULL)}
  0x000001bc0d43ac04: 0000 0048 | bb00 0000 | 0000 0000 | 00e9 2100 | 0000 418b | 5038 48c1 | e203 483b | 0266 0f1f 
  0x000001bc0d43ac24: ;   {optimized virtual_call}
  0x000001bc0d43ac24: 4400 00e8 

  0x000001bc0d43ac28: ; ImmutableOopMap {[120]=Oop [136]=Oop [128]=Oop [152]=Oop }
                      ;*invokevirtual toExternalForm {reexecute=0 rethrow=0 return_oop=0}
                      ; - java.net.URL::toExternalForm@5 (line 1039)
                      ; - java.net.URL::toString@1 (line 1025)
                      ; - java.lang.ClassLoader::defineClassSourceLocation@22 (line 917)
                      ; - java.lang.ClassLoader::defineClass@12 (line 1016)
  0x000001bc0d43ac28: 7461 fdff | 488b d848 | 8b84 2498 | 0000 008b | b424 9400 | 0000 8bbc | 2490 0000 | 004c 8b8c 
  0x000001bc0d43ac48: 2488 0000 | 004c 8b84 | 2480 0000 | 0048 8b54 | 2478 4c8b | da49 8bd3 | 488b c848 

  0x000001bc0d43ac64: ;   {static_call}
  0x000001bc0d43ac64: 891c 24e8 

  0x000001bc0d43ac68: ; ImmutableOopMap {[152]=Oop [120]=Oop }
                      ;*invokestatic defineClass1 {reexecute=0 rethrow=0 return_oop=0}
                      ; - java.lang.ClassLoader::defineClass@27 (line 1017)
  0x000001bc0d43ac68: 54eb feff | 4c8b c04c | 8b8c 2498 | 0000 0048 | 8b54 2478 | 4889 8424 | a000 0000 

  0x000001bc0d43ac84: ;   {optimized virtual_call}
  0x000001bc0d43ac84: 6666 90e8 

  0x000001bc0d43ac88: ; ImmutableOopMap {[160]=Oop }
                      ;*invokevirtual postDefineClass {reexecute=0 rethrow=0 return_oop=0}
                      ; - java.lang.ClassLoader::defineClass@37 (line 1018)
  0x000001bc0d43ac88: 747b ffff | 488b 8424 | a000 0000 | 4881 c4b0 | 0000 005d 

  0x000001bc0d43ac9c: ;   {poll_return}
  0x000001bc0d43ac9c: 493b a750 | 0300 000f | 8715 0000 

  0x000001bc0d43aca8: ;   {runtime_call throw_null_pointer_exception Runtime1 stub}
  0x000001bc0d43aca8: 00c3 e871 

  0x000001bc0d43acac: ; ImmutableOopMap {[120]=Oop [136]=Oop [128]=Oop rax=Oop [152]=Oop }
                      ;*invokevirtual getCodeSource {reexecute=0 rethrow=0 return_oop=0}
                      ; - java.lang.ClassLoader::defineClassSourceLocation@1 (line 914)
                      ; - java.lang.ClassLoader::defineClass@12 (line 1016)
                      ;   {runtime_call throw_null_pointer_exception Runtime1 stub}
  0x000001bc0d43acac: 7bd0 ffe8 

  0x000001bc0d43acb0: ; ImmutableOopMap {[120]=Oop [136]=Oop [128]=Oop rax=Oop [152]=Oop }
                      ;*invokevirtual getLocation {reexecute=0 rethrow=0 return_oop=0}
                      ; - java.lang.ClassLoader::defineClassSourceLocation@12 (line 916)
                      ; - java.lang.ClassLoader::defineClass@12 (line 1016)
  0x000001bc0d43acb0: 6c7b d0ff 

  0x000001bc0d43acb4: ;   {runtime_call throw_null_pointer_exception Runtime1 stub}
  0x000001bc0d43acb4: e867 7bd0 

  0x000001bc0d43acb8: ; ImmutableOopMap {[120]=Oop [136]=Oop [128]=Oop [152]=Oop r8=Oop }
                      ;*invokevirtual toString {reexecute=0 rethrow=0 return_oop=0}
                      ; - java.lang.ClassLoader::defineClassSourceLocation@22 (line 917)
                      ; - java.lang.ClassLoader::defineClass@12 (line 1016)
                      ;   {runtime_call throw_null_pointer_exception Runtime1 stub}
  0x000001bc0d43acb8: ffe8 627b 

  0x000001bc0d43acbc: ; ImmutableOopMap {[120]=Oop [136]=Oop [128]=Oop [152]=Oop r8=Oop rdx=Oop }
                      ;*invokevirtual toExternalForm {reexecute=0 rethrow=0 return_oop=0}
                      ; - java.net.URL::toExternalForm@5 (line 1039)
                      ; - java.net.URL::toString@1 (line 1025)
                      ; - java.lang.ClassLoader::defineClassSourceLocation@22 (line 917)
                      ; - java.lang.ClassLoader::defineClass@12 (line 1016)
                      ;   {internal_word}
  0x000001bc0d43acbc: d0ff 49ba | 9cac 430d | bc01 0000 | 4d89 9768 

  0x000001bc0d43accc: ;   {runtime_call SafepointBlob}
  0x000001bc0d43accc: 0300 00e9 | 2ccd c6ff | 9090 498b | 87e0 0300 | 0049 c787 | e003 0000 | 0000 0000 | 49c7 87e8 
  0x000001bc0d43acec: 0300 0000 | 0000 0048 | 81c4 b000 

  0x000001bc0d43acf8: ;   {runtime_call unwind_exception Runtime1 stub}
  0x000001bc0d43acf8: 0000 5de9 | 006c d0ff 
[Stub Code]
  0x000001bc0d43ad00: ;   {no_reloc}
  0x000001bc0d43ad00: 0f1f 4400 

  0x000001bc0d43ad04: ;   {static_stub}
  0x000001bc0d43ad04: 0048 bb00 | 0000 0000 

  0x000001bc0d43ad0c: ;   {runtime_call}
  0x000001bc0d43ad0c: 0000 00e9 | fbff ffff 

  0x000001bc0d43ad14: ;   {static_stub}
  0x000001bc0d43ad14: 9048 bb00 | 0000 0000 

  0x000001bc0d43ad1c: ;   {runtime_call}
  0x000001bc0d43ad1c: 0000 00e9 | fbff ffff 

  0x000001bc0d43ad24: ;   {static_stub}
  0x000001bc0d43ad24: 9048 bb00 | 0000 0000 

  0x000001bc0d43ad2c: ;   {runtime_call}
  0x000001bc0d43ad2c: 0000 00e9 | fbff ffff 

  0x000001bc0d43ad34: ;   {static_stub}
  0x000001bc0d43ad34: 9048 bb00 | 0000 0000 

  0x000001bc0d43ad3c: ;   {runtime_call}
  0x000001bc0d43ad3c: 0000 00e9 | fbff ffff 
[Exception Handler]
  0x000001bc0d43ad44: ;   {runtime_call handle_exception_from_callee Runtime1 stub}
  0x000001bc0d43ad44: e8b7 a4d0 

  0x000001bc0d43ad48: ;   {external_word}
  0x000001bc0d43ad48: ff48 b940 | 9ada e3fc | 7f00 0048 

  0x000001bc0d43ad54: ;   {runtime_call}
  0x000001bc0d43ad54: 83e4 f049 | ba60 2da3 | e3fc 7f00 | 0041 ffd2 

  0x000001bc0d43ad64: ;   {section_word}
  0x000001bc0d43ad64: f449 ba65 | ad43 0dbc | 0100 0041 

  0x000001bc0d43ad70: ;   {runtime_call DeoptimizationBlob}
  0x000001bc0d43ad70: 52e9 2abf | c6ff f4f4 
[/MachCode]


Compiled method (c1)    8405 1203       1       jdk.internal.loader.BuiltinClassLoader::defineClass (121 bytes)
 total in heap  [0x000001bc0d437210,0x000001bc0d4380a8] = 3736
 relocation     [0x000001bc0d437368,0x000001bc0d437498] = 304
 main code      [0x000001bc0d4374a0,0x000001bc0d437ae0] = 1600
 stub code      [0x000001bc0d437ae0,0x000001bc0d437c28] = 328
 metadata       [0x000001bc0d437c28,0x000001bc0d437c70] = 72
 scopes data    [0x000001bc0d437c70,0x000001bc0d437ec8] = 600
 scopes pcs     [0x000001bc0d437ec8,0x000001bc0d438068] = 416
 dependencies   [0x000001bc0d438068,0x000001bc0d438070] = 8
 handler table  [0x000001bc0d438070,0x000001bc0d438088] = 24
 nul chk table  [0x000001bc0d438088,0x000001bc0d4380a8] = 32

[Constant Pool (empty)]

[MachCode]
[Entry Point]
  # {method} {0x000001bc1d435a90} 'defineClass' '(Ljava/lang/String;Ljdk/internal/loader/Resource;)Ljava/lang/Class;' in 'jdk/internal/loader/BuiltinClassLoader'
  # this:     rdx:rdx   = 'jdk/internal/loader/BuiltinClassLoader'
  # parm0:    r8:r8     = 'java/lang/String'
  # parm1:    r9:r9     = 'jdk/internal/loader/Resource'
  #           [sp+0x110]  (sp of caller)
  0x000001bc0d4374a0: 448b 5208 | 49bb 0000 | 001d bc01 | 0000 4d03 | d34c 3bd0 

  0x000001bc0d4374b4: ;   {runtime_call ic_miss_stub}
  0x000001bc0d4374b4: 0f85 c69b | c6ff 660f | 1f44 0000 
[Verified Entry Point]
  0x000001bc0d4374c0: 8984 2400 | 90ff ff55 | 4881 ec00 | 0100 0048 | 8994 24a0 | 0000 004c | 8984 2490 | 0000 004c 
  0x000001bc0d4374e0: 898c 2498 | 0000 0049 | 8bd1 6666 | 9048 b818 | 8e19 1dbc 

  0x000001bc0d4374f4: ;   {virtual_call}
  0x000001bc0d4374f4: 0100 00e8 

  0x000001bc0d4374f8: ; ImmutableOopMap {[152]=Oop [160]=Oop [144]=Oop }
                      ;*invokevirtual getCodeSourceURL {reexecute=0 rethrow=0 return_oop=0}
                      ; - jdk.internal.loader.BuiltinClassLoader::defineClass@1 (line 842)
  0x000001bc0d4374f8: a451 0000 | 4889 8424 | a800 0000 | 4c8b 8424 | 9000 0000 

  0x000001bc0d43750c: ; implicit exception: dispatches to 0x000001bc0d4379d3
  0x000001bc0d43750c: 418b 7014 | 48c1 e603 

  0x000001bc0d437514: ; implicit exception: dispatches to 0x000001bc0d4379d8
  0x000001bc0d437514: 8b56 0c45 | 0fbe 4810 | 498b c9c1 | e118 c1f9 | 18d3 fa48 | 8bfa ffcf | 4183 f900 | ba00 0000 
  0x000001bc0d437534: 000f 8505 | 0000 00ba | 0100 0000 | 83e2 0183 | fa00 488b | d641 b82e | 0000 004c | 8bcf 0f84 
  0x000001bc0d437554: 1100 0000 | 0f1f 8000 

  0x000001bc0d43755c: ;   {static_call}
  0x000001bc0d43755c: 0000 00e8 

  0x000001bc0d437560: ; ImmutableOopMap {[152]=Oop [160]=Oop [168]=Oop [144]=Oop }
                      ;*invokestatic lastIndexOf {reexecute=0 rethrow=0 return_oop=0}
                      ; - java.lang.String::lastIndexOf@13 (line 2489)
                      ; - java.lang.String::lastIndexOf@8 (line 2451)
                      ; - jdk.internal.loader.BuiltinClassLoader::defineClass@8 (line 845)
  0x000001bc0d437560: bcea d1ff | e90b 0000 | 0066 0f1f 

  0x000001bc0d43756c: ;   {static_call}
  0x000001bc0d43756c: 4400 00e8 

  0x000001bc0d437570: ; ImmutableOopMap {[152]=Oop [160]=Oop [168]=Oop [144]=Oop }
                      ;*invokestatic lastIndexOf {reexecute=0 rethrow=0 return_oop=0}
                      ; - java.lang.String::lastIndexOf@25 (line 2490)
                      ; - java.lang.String::lastIndexOf@8 (line 2451)
                      ; - jdk.internal.loader.BuiltinClassLoader::defineClass@8 (line 845)
  0x000001bc0d437570: 0ca4 c6ff | 83f8 ff0f | 8467 0000 | 0041 b800 | 0000 004c | 8bc8 488b | 9424 9000 

  0x000001bc0d43758c: ;   {optimized virtual_call}
  0x000001bc0d43758c: 0000 90e8 

  0x000001bc0d437590: ; ImmutableOopMap {[152]=Oop [160]=Oop [168]=Oop [144]=Oop }
                      ;*invokevirtual substring {reexecute=0 rethrow=0 return_oop=0}
                      ; - jdk.internal.loader.BuiltinClassLoader::defineClass@23 (line 847)
  0x000001bc0d437590: 6c19 e8ff | 488b 9424 | 9800 0000 | 4889 8424 | b000 0000 | 9048 b818 | 8e19 1dbc 

  0x000001bc0d4375ac: ;   {virtual_call}
  0x000001bc0d4375ac: 0100 00e8 

  0x000001bc0d4375b0: ; ImmutableOopMap {[152]=Oop [160]=Oop [168]=Oop [144]=Oop [176]=Oop }
                      ;*invokevirtual getManifest {reexecute=0 rethrow=0 return_oop=0}
                      ; - jdk.internal.loader.BuiltinClassLoader::defineClass@29 (line 848)
  0x000001bc0d4375b0: cc5a 0000 | 4c8b 8424 | b000 0000 | 4c8b c848 | 8bbc 24a8 | 0000 0048 | 8b94 24a0 | 0000 0066 
  0x000001bc0d4375d0: 0f1f 4400 | 0048 b840 | c607 1dbc 

  0x000001bc0d4375dc: ;   {virtual_call}
  0x000001bc0d4375dc: 0100 00e8 

  0x000001bc0d4375e0: ; ImmutableOopMap {[152]=Oop [160]=Oop [168]=Oop [144]=Oop }
                      ;*invokevirtual defineOrCheckPackage {reexecute=0 rethrow=0 return_oop=0}
                      ; - jdk.internal.loader.BuiltinClassLoader::defineClass@40 (line 849)
  0x000001bc0d4375e0: bcf0 ffff | 4c8b 8c24 | 9800 0000 | 488d 9424 | e000 0000 | 4c89 4a08 | 498b 0148 | 83c8 0148 
  0x000001bc0d437600: 8902 f049 | 0fb1 110f | 8413 0000 | 0048 2bc4 | 4881 e007 | f0ff ff48 | 8902 0f85 | bd03 0000 
  0x000001bc0d437620: 418b 510c | 48c1 e203 | 4883 fa00 | 0f85 4700 | 0000 498b | d148 b818 | 8e19 1dbc 

  0x000001bc0d43763c: ;   {virtual_call}
  0x000001bc0d43763c: 0100 00e8 

  0x000001bc0d437640: ; ImmutableOopMap {[160]=Oop [168]=Oop [144]=Oop [152]=Oop [232]=Oop }
                      ;*invokevirtual getInputStream {reexecute=0 rethrow=0 return_oop=0}
                      ; - jdk.internal.loader.Resource::cachedInputStream@9 (line 77)
                      ; - jdk.internal.loader.Resource::getByteBuffer@1 (line 163)
                      ; - jdk.internal.loader.BuiltinClassLoader::defineClass@45 (line 853)
  0x000001bc0d437640: 5cd8 0100 | 410f be57 | 3883 fa00 | 4c8b 8c24 | 9800 0000 | 0f85 9603 | 0000 4c8b | d049 c1ea 
  0x000001bc0d437660: 0345 8951 | 0c49 8bd1 | 4833 d048 | c1ea 1548 | 83fa 000f | 8597 0300 | 0041 8b51 | 0c48 c1e2 
  0x000001bc0d437680: 0348 8d84 | 24e0 0000 | 0048 8b30 | 4885 f60f | 840f 0000 | 0048 8b78 | 08f0 480f | b137 0f85 
  0x000001bc0d4376a0: 8403 0000 | 4883 fa00 | 0f84 4400 

  0x000001bc0d4376ac: ;   {metadata('sun/nio/ByteBuffered')}
  0x000001bc0d4376ac: 0000 48b8 | 88cb 0d1d | bc01 0000 | 8b5a 0849 | ba00 0000 | 1dbc 0100 | 0049 03da | 483b 4320 
  0x000001bc0d4376cc: 0f84 2500 | 0000 483b | d80f 841c | 0000 0053 

  0x000001bc0d4376dc: ;   {runtime_call slow_subtype_check Runtime1 stub}
  0x000001bc0d4376dc: 50e8 1ee7 | d0ff 5b5b | 83fb 000f | 8405 0000 | 00e9 0500 | 0000 4833 | f6eb 0a48 | be01 0000 
  0x000001bc0d4376fc: 0000 0000 | 0083 fe00 | 0f84 6700 | 0000 4883 | fa00 0f84 | 4400 0000 

  0x000001bc0d437714: ;   {metadata('sun/nio/ByteBuffered')}
  0x000001bc0d437714: 48bb 88cb | 0d1d bc01 | 0000 8b7a | 0849 ba00 | 0000 1dbc | 0100 0049 | 03fa 483b | 5f20 0f84 
  0x000001bc0d437734: 2000 0000 | 483b fb0f | 8417 0000 

  0x000001bc0d437740: ;   {runtime_call slow_subtype_check Runtime1 stub}
  0x000001bc0d437740: 0057 53e8 | b8e6 d0ff | 5f5f 83ff | 000f 84eb | 0200 00e9 | 0000 0000 | 0f1f 4400 | 0048 b8ff 
  0x000001bc0d437760: ffff ffff 

  0x000001bc0d437764: ;   {virtual_call}
  0x000001bc0d437764: ffff ffe8 

  0x000001bc0d437768: ; ImmutableOopMap {[160]=Oop [168]=Oop [144]=Oop [152]=Oop }
                      ;*invokeinterface getByteBuffer {reexecute=0 rethrow=0 return_oop=0}
                      ; - jdk.internal.loader.Resource::getByteBuffer@16 (line 165)
                      ; - jdk.internal.loader.BuiltinClassLoader::defineClass@45 (line 853)
  0x000001bc0d437768: 149f c6ff | e90a 0000 

  0x000001bc0d437770: ;   {oop(NULL)}
  0x000001bc0d437770: 0048 b800 | 0000 0000 | 0000 0048 | 83f8 000f | 84e5 0000 | 0048 8984 | 24b8 0000 | 0048 8b94 
  0x000001bc0d437790: 2498 0000 | 0048 b8ff | ffff ffff 

  0x000001bc0d43779c: ;   {virtual_call}
  0x000001bc0d43779c: ffff ffe8 

  0x000001bc0d4377a0: ; ImmutableOopMap {[160]=Oop [168]=Oop [144]=Oop [184]=Oop }
                      ;*invokevirtual getCodeSigners {reexecute=0 rethrow=0 return_oop=0}
                      ; - jdk.internal.loader.BuiltinClassLoader::defineClass@56 (line 855)
  0x000001bc0d4377a0: dc9e c6ff 

  0x000001bc0d4377a4: ;   {metadata('java/security/CodeSource')}
  0x000001bc0d4377a4: 4c8b c848 | bab0 ee00 | 1dbc 0100 | 0049 8b87 | 0801 0000 | 488d 7828 | 493b bf18 | 0100 000f 
  0x000001bc0d4377c4: 877e 0200 | 0049 89bf | 0801 0000 | 48c7 0001 | 0000 0048 | 8bca 49ba | 0000 001d | bc01 0000 
  0x000001bc0d4377e4: 492b ca89 | 4808 4833 | c989 480c | 4833 c948 | 8948 1048 | 8948 1848 | 8948 204c | 8b84 24a8 
  0x000001bc0d437804: 0000 0048 | 8bd0 4889 | 8424 c000 | 0000 0f1f 

  0x000001bc0d437814: ;   {optimized virtual_call}
  0x000001bc0d437814: 4400 00e8 

  0x000001bc0d437818: ; ImmutableOopMap {[160]=Oop [144]=Oop [184]=Oop [192]=Oop }
                      ;*invokespecial <init> {reexecute=0 rethrow=0 return_oop=0}
                      ; - jdk.internal.loader.BuiltinClassLoader::defineClass@68 (line 856)
  0x000001bc0d437818: 649b c6ff | 4c8b 8424 | c000 0000 | 488b 9424 | a000 0000 

  0x000001bc0d43782c: ;   {optimized virtual_call}
  0x000001bc0d43782c: 6666 90e8 

  0x000001bc0d437830: ; ImmutableOopMap {[160]=Oop [144]=Oop [184]=Oop }
                      ;*invokevirtual getProtectionDomain {reexecute=0 rethrow=0 return_oop=0}
                      ; - java.security.SecureClassLoader::defineClass@5 (line 182)
                      ; - jdk.internal.loader.BuiltinClassLoader::defineClass@79 (line 857)
  0x000001bc0d437830: 4c9b c6ff | 4c8b 8424 | 9000 0000 | 4c8b 8c24 | b800 0000 | 488b f848 | 8b94 24a0 

  0x000001bc0d43784c: ;   {optimized virtual_call}
  0x000001bc0d43784c: 0000 00e8 

  0x000001bc0d437850: ; ImmutableOopMap {}
                      ;*invokevirtual defineClass {reexecute=0 rethrow=0 return_oop=0}
                      ; - java.security.SecureClassLoader::defineClass@8 (line 182)
                      ; - jdk.internal.loader.BuiltinClassLoader::defineClass@79 (line 857)
  0x000001bc0d437850: 2c9b c6ff | 4881 c400 | 0100 005d 

  0x000001bc0d43785c: ;   {poll_return}
  0x000001bc0d43785c: 493b a750 | 0300 000f | 87eb 0100 | 00c3 4c8b | 8c24 9800 | 0000 498b | d148 b818 | 8e19 1dbc 
  0x000001bc0d43787c: ;   {virtual_call}
  0x000001bc0d43787c: 0100 00e8 

  0x000001bc0d437880: ; ImmutableOopMap {[160]=Oop [144]=Oop [152]=Oop [168]=Oop }
                      ;*invokevirtual getBytes {reexecute=0 rethrow=0 return_oop=0}
                      ; - jdk.internal.loader.BuiltinClassLoader::defineClass@84 (line 859)
  0x000001bc0d437880: dcdc 0100 | 4889 8424 | c800 0000 | 488b 9424 | 9800 0000 | 9048 b818 | 8e19 1dbc 

  0x000001bc0d43789c: ;   {virtual_call}
  0x000001bc0d43789c: 0100 00e8 

  0x000001bc0d4378a0: ; ImmutableOopMap {[160]=Oop [144]=Oop [168]=Oop [200]=Oop }
                      ;*invokevirtual getCodeSigners {reexecute=0 rethrow=0 return_oop=0}
                      ; - jdk.internal.loader.BuiltinClassLoader::defineClass@90 (line 860)
  0x000001bc0d4378a0: 7c6f 0000 

  0x000001bc0d4378a4: ;   {metadata('java/security/CodeSource')}
  0x000001bc0d4378a4: 4c8b c848 | bab0 ee00 | 1dbc 0100 | 0049 8b87 | 0801 0000 | 488d 7828 | 493b bf18 | 0100 000f 
  0x000001bc0d4378c4: 87a1 0100 | 0049 89bf | 0801 0000 | 48c7 0001 | 0000 0048 | 8bca 49ba | 0000 001d | bc01 0000 
  0x000001bc0d4378e4: 492b ca89 | 4808 4833 | c989 480c | 4833 c948 | 8948 1048 | 8948 1848 | 8948 204c | 8b84 24a8 
  0x000001bc0d437904: 0000 0048 | 8bd0 4889 | 8424 d000 | 0000 0f1f 

  0x000001bc0d437914: ;   {optimized virtual_call}
  0x000001bc0d437914: 4400 00e8 

  0x000001bc0d437918: ; ImmutableOopMap {[160]=Oop [144]=Oop [200]=Oop [208]=Oop }
                      ;*invokespecial <init> {reexecute=0 rethrow=0 return_oop=0}
                      ; - jdk.internal.loader.BuiltinClassLoader::defineClass@102 (line 861)
  0x000001bc0d437918: 6485 ffff | 488b 8424 | c800 0000 

  0x000001bc0d437924: ; implicit exception: dispatches to 0x000001bc0d437a77
  0x000001bc0d437924: 8b70 0c4c | 8b84 24d0 | 0000 0048 | 8b94 24a0 | 0000 0089 | b424 d800 

  0x000001bc0d43793c: ;   {optimized virtual_call}
  0x000001bc0d43793c: 0000 90e8 

  0x000001bc0d437940: ; ImmutableOopMap {[160]=Oop [144]=Oop [200]=Oop }
                      ;*invokevirtual getProtectionDomain {reexecute=0 rethrow=0 return_oop=0}
                      ; - java.security.SecureClassLoader::defineClass@9 (line 150)
                      ; - jdk.internal.loader.BuiltinClassLoader::defineClass@117 (line 862)
  0x000001bc0d437940: 1c9d ffff | 4c8b 8424 | 9000 0000 | 4c8b 8c24 | c800 0000 | bf00 0000 | 008b b424 | d800 0000 
  0x000001bc0d437960: 488b c848 | 8b94 24a0 | 0000 000f 

  0x000001bc0d43796c: ;   {optimized virtual_call}
  0x000001bc0d43796c: 1f40 00e8 

  0x000001bc0d437970: ; ImmutableOopMap {}
                      ;*invokevirtual defineClass {reexecute=0 rethrow=0 return_oop=0}
                      ; - java.security.SecureClassLoader::defineClass@12 (line 150)
                      ; - jdk.internal.loader.BuiltinClassLoader::defineClass@117 (line 862)
  0x000001bc0d437970: 0c32 0000 | 4881 c400 | 0100 005d 

  0x000001bc0d43797c: ;   {poll_return}
  0x000001bc0d43797c: 493b a750 | 0300 000f | 87f3 0000 | 00c3 498b | 87e0 0300 | 004d 33d2 | 4d89 97e0 | 0300 004d 
  0x000001bc0d43799c: 33d2 4d89 | 97e8 0300 | 0048 8bf0 | 488d 8424 | e000 0000 | 488b 3848 | 85ff 0f84 | 0f00 0000 
  0x000001bc0d4379bc: 488b 5808 | f048 0fb1 | 3b0f 85c7 | 0000 0048 | 8bc6 e9f4 

  0x000001bc0d4379d0: ;   {runtime_call throw_null_pointer_exception Runtime1 stub}
  0x000001bc0d4379d0: 0000 00e8 

  0x000001bc0d4379d4: ; ImmutableOopMap {[152]=Oop [160]=Oop rax=Oop [168]=Oop r8=Oop [144]=Oop }
                      ;*invokevirtual lastIndexOf {reexecute=0 rethrow=0 return_oop=0}
                      ; - jdk.internal.loader.BuiltinClassLoader::defineClass@8 (line 845)
  0x000001bc0d4379d4: 48ae d0ff 

  0x000001bc0d4379d8: ;   {runtime_call throw_null_pointer_exception Runtime1 stub}
  0x000001bc0d4379d8: e843 aed0 

  0x000001bc0d4379dc: ; ImmutableOopMap {[152]=Oop [160]=Oop rax=Oop [168]=Oop r8=Oop [144]=Oop rsi=Oop }
                      ;*arraylength {reexecute=0 rethrow=0 return_oop=0}
                      ; - java.lang.String::length@4 (line 1481)
                      ; - java.lang.String::lastIndexOf@3 (line 2451)
                      ; - jdk.internal.loader.BuiltinClassLoader::defineClass@8 (line 845)
  0x000001bc0d4379dc: ff4c 894c | 2408 4889 

  0x000001bc0d4379e4: ;   {runtime_call monitorenter_nofpu Runtime1 stub}
  0x000001bc0d4379e4: 1424 e815 

  0x000001bc0d4379e8: ; ImmutableOopMap {[160]=Oop [168]=Oop [144]=Oop r9=Oop [152]=Oop [232]=Oop }
                      ;*synchronization entry
                      ; - jdk.internal.loader.Resource::cachedInputStream@-1 (line 76)
                      ; - jdk.internal.loader.Resource::getByteBuffer@1 (line 163)
                      ; - jdk.internal.loader.BuiltinClassLoader::defineClass@45 (line 853)
  0x000001bc0d4379e8: ead0 ffe9 | 30fc ffff | 418b 510c | 48c1 e203 | 4883 fa00 | 0f84 58fc | ffff 4889 

  0x000001bc0d437a04: ;   {runtime_call g1_pre_barrier_slow}
  0x000001bc0d437a04: 1424 e8f5 | 10d1 ffe9 | 4afc ffff | 4883 f800 | 0f84 5ffc | ffff 4c89 

  0x000001bc0d437a1c: ;   {runtime_call g1_post_barrier_slow}
  0x000001bc0d437a1c: 0c24 e8dd | 13d1 ffe9 | 51fc ffff | 488d 8424 | e000 0000 | 4889 0424 

  0x000001bc0d437a34: ;   {runtime_call monitorexit_nofpu Runtime1 stub}
  0x000001bc0d437a34: e8c7 efd0 | ffe9 66fc | ffff 4889 

  0x000001bc0d437a40: ;   {runtime_call throw_class_cast_exception Runtime1 stub}
  0x000001bc0d437a40: 1424 e8d9 

  0x000001bc0d437a44: ; ImmutableOopMap {[160]=Oop [168]=Oop [144]=Oop [152]=Oop }
                      ;*checkcast {reexecute=0 rethrow=0 return_oop=0}
                      ; - jdk.internal.loader.Resource::getByteBuffer@13 (line 165)
                      ; - jdk.internal.loader.BuiltinClassLoader::defineClass@45 (line 853)
  0x000001bc0d437a44: ddd0 ff48 

  0x000001bc0d437a48: ;   {runtime_call fast_new_instance Runtime1 stub}
  0x000001bc0d437a48: 8bd2 e8b1 

  0x000001bc0d437a4c: ; ImmutableOopMap {[160]=Oop [168]=Oop [144]=Oop [184]=Oop r9=Oop }
                      ;*new {reexecute=0 rethrow=0 return_oop=0}
                      ; - jdk.internal.loader.BuiltinClassLoader::defineClass@61 (line 856)
  0x000001bc0d437a4c: b6d0 ffe9 | abfd ffff 

  0x000001bc0d437a54: ;   {internal_word}
  0x000001bc0d437a54: 49ba 5c78 | 430d bc01 | 0000 4d89 | 9768 0300 

  0x000001bc0d437a64: ;   {runtime_call SafepointBlob}
  0x000001bc0d437a64: 00e9 96ff | c6ff 488b 

  0x000001bc0d437a6c: ;   {runtime_call fast_new_instance Runtime1 stub}
  0x000001bc0d437a6c: d2e8 8eb6 

  0x000001bc0d437a70: ; ImmutableOopMap {[160]=Oop [144]=Oop [168]=Oop [200]=Oop r9=Oop }
                      ;*new {reexecute=0 rethrow=0 return_oop=0}
                      ; - jdk.internal.loader.BuiltinClassLoader::defineClass@95 (line 861)
  0x000001bc0d437a70: d0ff e988 

  0x000001bc0d437a74: ;   {runtime_call throw_null_pointer_exception Runtime1 stub}
  0x000001bc0d437a74: feff ffe8 

  0x000001bc0d437a78: ; ImmutableOopMap {[160]=Oop [144]=Oop [208]=Oop rax=Oop [200]=Oop }
                      ;*arraylength {reexecute=0 rethrow=0 return_oop=0}
                      ; - jdk.internal.loader.BuiltinClassLoader::defineClass@114 (line 862)
  0x000001bc0d437a78: a4ad d0ff 

  0x000001bc0d437a7c: ;   {internal_word}
  0x000001bc0d437a7c: 49ba 7c79 | 430d bc01 | 0000 4d89 | 9768 0300 

  0x000001bc0d437a8c: ;   {runtime_call SafepointBlob}
  0x000001bc0d437a8c: 00e9 6eff | c6ff 488d | 8424 e000 | 0000 4889 

  0x000001bc0d437a9c: ;   {runtime_call monitorexit_nofpu Runtime1 stub}
  0x000001bc0d437a9c: 0424 e85d | efd0 ffe9 | 23ff ffff | 9090 498b | 87e0 0300 | 0049 c787 | e003 0000 | 0000 0000 
  0x000001bc0d437abc: 49c7 87e8 | 0300 0000 | 0000 0048 | 81c4 0001 

  0x000001bc0d437acc: ;   {runtime_call unwind_exception Runtime1 stub}
  0x000001bc0d437acc: 0000 5de9 | 2c9e d0ff | f4f4 f4f4 | f4f4 f4f4 | f4f4 f4f4 
[Stub Code]
  0x000001bc0d437ae0: ;   {no_reloc}
  0x000001bc0d437ae0: 0f1f 4400 

  0x000001bc0d437ae4: ;   {static_stub}
  0x000001bc0d437ae4: 0048 bb00 | 0000 0000 

  0x000001bc0d437aec: ;   {runtime_call}
  0x000001bc0d437aec: 0000 00e9 | fbff ffff 

  0x000001bc0d437af4: ;   {static_stub}
  0x000001bc0d437af4: 9048 bb00 | 0000 0000 

  0x000001bc0d437afc: ;   {runtime_call}
  0x000001bc0d437afc: 0000 00e9 | fbff ffff 

  0x000001bc0d437b04: ;   {static_stub}
  0x000001bc0d437b04: 9048 bb00 | 0000 0000 

  0x000001bc0d437b0c: ;   {runtime_call}
  0x000001bc0d437b0c: 0000 00e9 | fbff ffff 

  0x000001bc0d437b14: ;   {static_stub}
  0x000001bc0d437b14: 9048 bb00 | 0000 0000 

  0x000001bc0d437b1c: ;   {runtime_call}
  0x000001bc0d437b1c: 0000 00e9 | fbff ffff 

  0x000001bc0d437b24: ;   {static_stub}
  0x000001bc0d437b24: 9048 bb00 | 0000 0000 

  0x000001bc0d437b2c: ;   {runtime_call}
  0x000001bc0d437b2c: 0000 00e9 | fbff ffff 

  0x000001bc0d437b34: ;   {static_stub}
  0x000001bc0d437b34: 9048 bb00 | 0000 0000 

  0x000001bc0d437b3c: ;   {runtime_call}
  0x000001bc0d437b3c: 0000 00e9 | fbff ffff 

  0x000001bc0d437b44: ;   {static_stub}
  0x000001bc0d437b44: 9048 bb00 | 0000 0000 

  0x000001bc0d437b4c: ;   {runtime_call}
  0x000001bc0d437b4c: 0000 00e9 | fbff ffff 

  0x000001bc0d437b54: ;   {static_stub}
  0x000001bc0d437b54: 9048 bb00 | 0000 0000 

  0x000001bc0d437b5c: ;   {runtime_call}
  0x000001bc0d437b5c: 0000 00e9 | fbff ffff 

  0x000001bc0d437b64: ;   {static_stub}
  0x000001bc0d437b64: 9048 bb00 | 0000 0000 

  0x000001bc0d437b6c: ;   {runtime_call}
  0x000001bc0d437b6c: 0000 00e9 | fbff ffff 

  0x000001bc0d437b74: ;   {static_stub}
  0x000001bc0d437b74: 9048 bb00 | 0000 0000 

  0x000001bc0d437b7c: ;   {runtime_call}
  0x000001bc0d437b7c: 0000 00e9 | fbff ffff 

  0x000001bc0d437b84: ;   {static_stub}
  0x000001bc0d437b84: 9048 bb00 | 0000 0000 

  0x000001bc0d437b8c: ;   {runtime_call}
  0x000001bc0d437b8c: 0000 00e9 | fbff ffff 

  0x000001bc0d437b94: ;   {static_stub}
  0x000001bc0d437b94: 9048 bb00 | 0000 0000 

  0x000001bc0d437b9c: ;   {runtime_call}
  0x000001bc0d437b9c: 0000 00e9 | fbff ffff 

  0x000001bc0d437ba4: ;   {static_stub}
  0x000001bc0d437ba4: 9048 bb00 | 0000 0000 

  0x000001bc0d437bac: ;   {runtime_call}
  0x000001bc0d437bac: 0000 00e9 | fbff ffff 

  0x000001bc0d437bb4: ;   {static_stub}
  0x000001bc0d437bb4: 9048 bb00 | 0000 0000 

  0x000001bc0d437bbc: ;   {runtime_call}
  0x000001bc0d437bbc: 0000 00e9 | fbff ffff 

  0x000001bc0d437bc4: ;   {static_stub}
  0x000001bc0d437bc4: 9048 bb00 | 0000 0000 

  0x000001bc0d437bcc: ;   {runtime_call}
  0x000001bc0d437bcc: 0000 00e9 | fbff ffff 

  0x000001bc0d437bd4: ;   {static_stub}
  0x000001bc0d437bd4: 9048 bb00 | 0000 0000 

  0x000001bc0d437bdc: ;   {runtime_call}
  0x000001bc0d437bdc: 0000 00e9 | fbff ffff 

  0x000001bc0d437be4: ;   {static_stub}
  0x000001bc0d437be4: 9048 bb00 | 0000 0000 

  0x000001bc0d437bec: ;   {runtime_call}
  0x000001bc0d437bec: 0000 00e9 | fbff ffff 
[Exception Handler]
  0x000001bc0d437bf4: ;   {runtime_call handle_exception_from_callee Runtime1 stub}
  0x000001bc0d437bf4: e807 d6d0 

  0x000001bc0d437bf8: ;   {external_word}
  0x000001bc0d437bf8: ff48 b940 | 9ada e3fc | 7f00 0048 

  0x000001bc0d437c04: ;   {runtime_call}
  0x000001bc0d437c04: 83e4 f049 | ba60 2da3 | e3fc 7f00 | 0041 ffd2 

  0x000001bc0d437c14: ;   {section_word}
  0x000001bc0d437c14: f449 ba15 | 7c43 0dbc | 0100 0041 

  0x000001bc0d437c20: ;   {runtime_call DeoptimizationBlob}
  0x000001bc0d437c20: 52e9 7af0 | c6ff f4f4 
[/MachCode]


---------------  P R O C E S S  ---------------

Threads class SMR info:
_java_thread_list=0x000001bc627e91b0, length=16, elements={
0x000001bc0555e5f0, 0x000001bc1c30ecf0, 0x000001bc1c30fb70, 0x000001bc1c322590,
0x000001bc1c323410, 0x000001bc1c325140, 0x000001bc1c327f10, 0x000001bc1c32c490,
0x000001bc1c3371e0, 0x000001bc1c399340, 0x000001bc1bfc6570, 0x000001bc1c414870,
0x000001bc621828f0, 0x000001bc62182dd0, 0x000001bc62354dc0, 0x000001bc6282efb0
}

Java Threads: ( => current thread )
  0x000001bc0555e5f0 JavaThread "main" [_thread_in_vm, id=321148, stack(0x00000075a0e00000,0x00000075a0f00000)]
  0x000001bc1c30ecf0 JavaThread "Reference Handler" daemon [_thread_blocked, id=326104, stack(0x00000075a1500000,0x00000075a1600000)]
  0x000001bc1c30fb70 JavaThread "Finalizer" daemon [_thread_blocked, id=320916, stack(0x00000075a1600000,0x00000075a1700000)]
  0x000001bc1c322590 JavaThread "Signal Dispatcher" daemon [_thread_blocked, id=309416, stack(0x00000075a1700000,0x00000075a1800000)]
  0x000001bc1c323410 JavaThread "Attach Listener" daemon [_thread_blocked, id=325652, stack(0x00000075a1800000,0x00000075a1900000)]
  0x000001bc1c325140 JavaThread "Service Thread" daemon [_thread_blocked, id=325644, stack(0x00000075a1900000,0x00000075a1a00000)]
  0x000001bc1c327f10 JavaThread "Monitor Deflation Thread" daemon [_thread_blocked, id=326652, stack(0x00000075a1a00000,0x00000075a1b00000)]
  0x000001bc1c32c490 JavaThread "C1 CompilerThread0" daemon [_thread_blocked, id=315308, stack(0x00000075a1b00000,0x00000075a1c00000)]
  0x000001bc1c3371e0 JavaThread "Sweeper thread" daemon [_thread_blocked, id=322852, stack(0x00000075a1c00000,0x00000075a1d00000)]
  0x000001bc1c399340 JavaThread "Common-Cleaner" daemon [_thread_blocked, id=319100, stack(0x00000075a1d00000,0x00000075a1e00000)]
  0x000001bc1bfc6570 JavaThread "C1 CompilerThread1" daemon [_thread_blocked, id=322328, stack(0x00000075a1e00000,0x00000075a1f00000)]
  0x000001bc1c414870 JavaThread "C1 CompilerThread2" daemon [_thread_blocked, id=323048, stack(0x00000075a1f00000,0x00000075a2000000)]
  0x000001bc621828f0 JavaThread "Monitor Ctrl-Break" daemon [_thread_in_native, id=325104, stack(0x00000075a2000000,0x00000075a2100000)]
  0x000001bc62182dd0 JavaThread "Notification Thread" daemon [_thread_blocked, id=325468, stack(0x00000075a2100000,0x00000075a2200000)]
  0x000001bc62354dc0 JavaThread "RMI TCP Accept-0" daemon [_thread_in_native, id=299576, stack(0x00000075a2200000,0x00000075a2300000)]
=>0x000001bc6282efb0 JavaThread "background-preinit" [_thread_in_vm, id=325196, stack(0x00000075a2d00000,0x00000075a2e00000)]

Other Threads:
  0x000001bc1c307cc0 VMThread "VM Thread" [stack: 0x00000075a1400000,0x00000075a1500000] [id=323780]
  0x000001bc623a1fb0 WatcherThread [stack: 0x00000075a2300000,0x00000075a2400000] [id=325956]
  0x000001bc055cbd90 GCTaskThread "GC Thread#0" [stack: 0x00000075a0f00000,0x00000075a1000000] [id=324008]
  0x000001bc6260f3e0 GCTaskThread "GC Thread#1" [stack: 0x00000075a2400000,0x00000075a2500000] [id=326436]
  0x000001bc6260f6a0 GCTaskThread "GC Thread#2" [stack: 0x00000075a2500000,0x00000075a2600000] [id=314632]
  0x000001bc6260f960 GCTaskThread "GC Thread#3" [stack: 0x00000075a2600000,0x00000075a2700000] [id=325540]
  0x000001bc6260fc20 GCTaskThread "GC Thread#4" [stack: 0x00000075a2700000,0x00000075a2800000] [id=326640]
  0x000001bc626af030 GCTaskThread "GC Thread#5" [stack: 0x00000075a2800000,0x00000075a2900000] [id=323900]
  0x000001bc626f2ea0 GCTaskThread "GC Thread#6" [stack: 0x00000075a2900000,0x00000075a2a00000] [id=322320]
  0x000001bc626f3160 GCTaskThread "GC Thread#7" [stack: 0x00000075a2a00000,0x00000075a2b00000] [id=325756]
  0x000001bc055d8af0 ConcurrentGCThread "G1 Main Marker" [stack: 0x00000075a1000000,0x00000075a1100000] [id=326524]
  0x000001bc0352ebd0 ConcurrentGCThread "G1 Conc#0" [stack: 0x00000075a1100000,0x00000075a1200000] [id=321100]
  0x000001bc1be8fe40 ConcurrentGCThread "G1 Refine#0" [stack: 0x00000075a1200000,0x00000075a1300000] [id=322076]
  0x000001bc623254a0 ConcurrentGCThread "G1 Refine#1" [stack: 0x00000075a2b00000,0x00000075a2c00000] [id=326020]
  0x000001bc623251b0 ConcurrentGCThread "G1 Refine#2" [stack: 0x00000075a2c00000,0x00000075a2d00000] [id=313160]
  0x000001bc1be90870 ConcurrentGCThread "G1 Service" [stack: 0x00000075a1300000,0x00000075a1400000] [id=324496]

Threads with active compile tasks:

VM state: not at safepoint (normal execution)

VM Mutex/Monitor currently owned by a thread:  ([mutex/lock_event])
[0x000001bc05558c90] Metaspace_lock - owner thread: 0x000001bc6282efb0

Heap address: 0x0000000702800000, size: 4056 MB, Compressed Oops mode: Zero based, Oop shift amount: 3

CDS archive(s) mapped at: [0x000001bc1d000000-0x000001bc1dbb0000-0x000001bc1dbb0000), size 12255232, SharedBaseAddress: 0x000001bc1d000000, ArchiveRelocationMode: 1.
Compressed class space mapped at: 0x000001bc1e000000-0x000001bc5e000000, reserved size: 1073741824
Narrow klass base: 0x000001bc1d000000, Narrow klass shift: 0, Narrow klass range: 0x100000000

GC Precious Log:
 CPUs: 8 total, 8 available
 Memory: 16218M
 Large Page Support: Disabled
 NUMA Support: Disabled
 Compressed Oops: Enabled (Zero based)
 Heap Region Size: 2M
 Heap Min Capacity: 8M
 Heap Initial Capacity: 254M
 Heap Max Capacity: 4056M
 Pre-touch: Disabled
 Parallel Workers: 8
 Concurrent Workers: 2
 Concurrent Refinement Workers: 8
 Periodic GC: Disabled

Heap:
 garbage-first heap   total 260096K, used 21397K [0x0000000702800000, 0x0000000800000000)
  region size 2048K, 9 young (18432K), 1 survivors (2048K)
 Metaspace       used 12513K, committed 12672K, reserved 1114112K
  class space    used 1642K, committed 1728K, reserved 1048576K

Heap Regions: E=young(eden), S=young(survivor), O=old, HS=humongous(starts), HC=humongous(continues), CS=collection set, F=free, OA=open archive, CA=closed archive, TAMS=top-at-mark-start (previous, next)
|   0|0x0000000702800000, 0x0000000702a00000, 0x0000000702a00000|100%| O|  |TAMS 0x0000000702800000, 0x0000000702800000| Untracked 
|   1|0x0000000702a00000, 0x0000000702c00000, 0x0000000702c00000|100%| O|  |TAMS 0x0000000702a00000, 0x0000000702a00000| Untracked 
|   2|0x0000000702c00000, 0x0000000702e00000, 0x0000000702e00000|100%| O|  |TAMS 0x0000000702c00000, 0x0000000702c00000| Untracked 
|   3|0x0000000702e00000, 0x0000000702fb8e00, 0x0000000703000000| 86%| O|  |TAMS 0x0000000702e00000, 0x0000000702e00000| Untracked 
|   4|0x0000000703000000, 0x0000000703000000, 0x0000000703200000|  0%| F|  |TAMS 0x0000000703000000, 0x0000000703000000| Untracked 
|   5|0x0000000703200000, 0x0000000703200000, 0x0000000703400000|  0%| F|  |TAMS 0x0000000703200000, 0x0000000703200000| Untracked 
|   6|0x0000000703400000, 0x0000000703400000, 0x0000000703600000|  0%| F|  |TAMS 0x0000000703400000, 0x0000000703400000| Untracked 
|   7|0x0000000703600000, 0x0000000703600000, 0x0000000703800000|  0%| F|  |TAMS 0x0000000703600000, 0x0000000703600000| Untracked 
|   8|0x0000000703800000, 0x0000000703800000, 0x0000000703a00000|  0%| F|  |TAMS 0x0000000703800000, 0x0000000703800000| Untracked 
|   9|0x0000000703a00000, 0x0000000703a00000, 0x0000000703c00000|  0%| F|  |TAMS 0x0000000703a00000, 0x0000000703a00000| Untracked 
|  10|0x0000000703c00000, 0x0000000703c00000, 0x0000000703e00000|  0%| F|  |TAMS 0x0000000703c00000, 0x0000000703c00000| Untracked 
|  11|0x0000000703e00000, 0x0000000703e00000, 0x0000000704000000|  0%| F|  |TAMS 0x0000000703e00000, 0x0000000703e00000| Untracked 
|  12|0x0000000704000000, 0x0000000704000000, 0x0000000704200000|  0%| F|  |TAMS 0x0000000704000000, 0x0000000704000000| Untracked 
|  13|0x0000000704200000, 0x0000000704200000, 0x0000000704400000|  0%| F|  |TAMS 0x0000000704200000, 0x0000000704200000| Untracked 
|  14|0x0000000704400000, 0x0000000704400000, 0x0000000704600000|  0%| F|  |TAMS 0x0000000704400000, 0x0000000704400000| Untracked 
|  15|0x0000000704600000, 0x0000000704600000, 0x0000000704800000|  0%| F|  |TAMS 0x0000000704600000, 0x0000000704600000| Untracked 
|  16|0x0000000704800000, 0x0000000704800000, 0x0000000704a00000|  0%| F|  |TAMS 0x0000000704800000, 0x0000000704800000| Untracked 
|  17|0x0000000704a00000, 0x0000000704a00000, 0x0000000704c00000|  0%| F|  |TAMS 0x0000000704a00000, 0x0000000704a00000| Untracked 
|  18|0x0000000704c00000, 0x0000000704c00000, 0x0000000704e00000|  0%| F|  |TAMS 0x0000000704c00000, 0x0000000704c00000| Untracked 
|  19|0x0000000704e00000, 0x0000000704e00000, 0x0000000705000000|  0%| F|  |TAMS 0x0000000704e00000, 0x0000000704e00000| Untracked 
|  20|0x0000000705000000, 0x0000000705000000, 0x0000000705200000|  0%| F|  |TAMS 0x0000000705000000, 0x0000000705000000| Untracked 
|  21|0x0000000705200000, 0x0000000705200000, 0x0000000705400000|  0%| F|  |TAMS 0x0000000705200000, 0x0000000705200000| Untracked 
|  22|0x0000000705400000, 0x0000000705400000, 0x0000000705600000|  0%| F|  |TAMS 0x0000000705400000, 0x0000000705400000| Untracked 
|  23|0x0000000705600000, 0x0000000705600000, 0x0000000705800000|  0%| F|  |TAMS 0x0000000705600000, 0x0000000705600000| Untracked 
|  24|0x0000000705800000, 0x0000000705800000, 0x0000000705a00000|  0%| F|  |TAMS 0x0000000705800000, 0x0000000705800000| Untracked 
|  25|0x0000000705a00000, 0x0000000705a00000, 0x0000000705c00000|  0%| F|  |TAMS 0x0000000705a00000, 0x0000000705a00000| Untracked 
|  26|0x0000000705c00000, 0x0000000705c00000, 0x0000000705e00000|  0%| F|  |TAMS 0x0000000705c00000, 0x0000000705c00000| Untracked 
|  27|0x0000000705e00000, 0x0000000705e00000, 0x0000000706000000|  0%| F|  |TAMS 0x0000000705e00000, 0x0000000705e00000| Untracked 
|  28|0x0000000706000000, 0x0000000706000000, 0x0000000706200000|  0%| F|  |TAMS 0x0000000706000000, 0x0000000706000000| Untracked 
|  29|0x0000000706200000, 0x0000000706200000, 0x0000000706400000|  0%| F|  |TAMS 0x0000000706200000, 0x0000000706200000| Untracked 
|  30|0x0000000706400000, 0x0000000706400000, 0x0000000706600000|  0%| F|  |TAMS 0x0000000706400000, 0x0000000706400000| Untracked 
|  31|0x0000000706600000, 0x0000000706600000, 0x0000000706800000|  0%| F|  |TAMS 0x0000000706600000, 0x0000000706600000| Untracked 
|  32|0x0000000706800000, 0x0000000706800000, 0x0000000706a00000|  0%| F|  |TAMS 0x0000000706800000, 0x0000000706800000| Untracked 
|  33|0x0000000706a00000, 0x0000000706a00000, 0x0000000706c00000|  0%| F|  |TAMS 0x0000000706a00000, 0x0000000706a00000| Untracked 
|  34|0x0000000706c00000, 0x0000000706c00000, 0x0000000706e00000|  0%| F|  |TAMS 0x0000000706c00000, 0x0000000706c00000| Untracked 
|  35|0x0000000706e00000, 0x0000000706e00000, 0x0000000707000000|  0%| F|  |TAMS 0x0000000706e00000, 0x0000000706e00000| Untracked 
|  36|0x0000000707000000, 0x0000000707000000, 0x0000000707200000|  0%| F|  |TAMS 0x0000000707000000, 0x0000000707000000| Untracked 
|  37|0x0000000707200000, 0x0000000707200000, 0x0000000707400000|  0%| F|  |TAMS 0x0000000707200000, 0x0000000707200000| Untracked 
|  38|0x0000000707400000, 0x0000000707400000, 0x0000000707600000|  0%| F|  |TAMS 0x0000000707400000, 0x0000000707400000| Untracked 
|  39|0x0000000707600000, 0x0000000707600000, 0x0000000707800000|  0%| F|  |TAMS 0x0000000707600000, 0x0000000707600000| Untracked 
|  40|0x0000000707800000, 0x0000000707800000, 0x0000000707a00000|  0%| F|  |TAMS 0x0000000707800000, 0x0000000707800000| Untracked 
|  41|0x0000000707a00000, 0x0000000707a00000, 0x0000000707c00000|  0%| F|  |TAMS 0x0000000707a00000, 0x0000000707a00000| Untracked 
|  42|0x0000000707c00000, 0x0000000707c00000, 0x0000000707e00000|  0%| F|  |TAMS 0x0000000707c00000, 0x0000000707c00000| Untracked 
|  43|0x0000000707e00000, 0x0000000707e00000, 0x0000000708000000|  0%| F|  |TAMS 0x0000000707e00000, 0x0000000707e00000| Untracked 
|  44|0x0000000708000000, 0x0000000708000000, 0x0000000708200000|  0%| F|  |TAMS 0x0000000708000000, 0x0000000708000000| Untracked 
|  45|0x0000000708200000, 0x0000000708200000, 0x0000000708400000|  0%| F|  |TAMS 0x0000000708200000, 0x0000000708200000| Untracked 
|  46|0x0000000708400000, 0x0000000708400000, 0x0000000708600000|  0%| F|  |TAMS 0x0000000708400000, 0x0000000708400000| Untracked 
|  47|0x0000000708600000, 0x0000000708600000, 0x0000000708800000|  0%| F|  |TAMS 0x0000000708600000, 0x0000000708600000| Untracked 
|  48|0x0000000708800000, 0x0000000708800000, 0x0000000708a00000|  0%| F|  |TAMS 0x0000000708800000, 0x0000000708800000| Untracked 
|  49|0x0000000708a00000, 0x0000000708a00000, 0x0000000708c00000|  0%| F|  |TAMS 0x0000000708a00000, 0x0000000708a00000| Untracked 
|  50|0x0000000708c00000, 0x0000000708c00000, 0x0000000708e00000|  0%| F|  |TAMS 0x0000000708c00000, 0x0000000708c00000| Untracked 
|  51|0x0000000708e00000, 0x0000000708e00000, 0x0000000709000000|  0%| F|  |TAMS 0x0000000708e00000, 0x0000000708e00000| Untracked 
|  52|0x0000000709000000, 0x0000000709000000, 0x0000000709200000|  0%| F|  |TAMS 0x0000000709000000, 0x0000000709000000| Untracked 
|  53|0x0000000709200000, 0x0000000709200000, 0x0000000709400000|  0%| F|  |TAMS 0x0000000709200000, 0x0000000709200000| Untracked 
|  54|0x0000000709400000, 0x0000000709400000, 0x0000000709600000|  0%| F|  |TAMS 0x0000000709400000, 0x0000000709400000| Untracked 
|  55|0x0000000709600000, 0x0000000709600000, 0x0000000709800000|  0%| F|  |TAMS 0x0000000709600000, 0x0000000709600000| Untracked 
|  56|0x0000000709800000, 0x0000000709800000, 0x0000000709a00000|  0%| F|  |TAMS 0x0000000709800000, 0x0000000709800000| Untracked 
|  57|0x0000000709a00000, 0x0000000709a00000, 0x0000000709c00000|  0%| F|  |TAMS 0x0000000709a00000, 0x0000000709a00000| Untracked 
|  58|0x0000000709c00000, 0x0000000709c00000, 0x0000000709e00000|  0%| F|  |TAMS 0x0000000709c00000, 0x0000000709c00000| Untracked 
|  59|0x0000000709e00000, 0x0000000709e00000, 0x000000070a000000|  0%| F|  |TAMS 0x0000000709e00000, 0x0000000709e00000| Untracked 
|  60|0x000000070a000000, 0x000000070a000000, 0x000000070a200000|  0%| F|  |TAMS 0x000000070a000000, 0x000000070a000000| Untracked 
|  61|0x000000070a200000, 0x000000070a200000, 0x000000070a400000|  0%| F|  |TAMS 0x000000070a200000, 0x000000070a200000| Untracked 
|  62|0x000000070a400000, 0x000000070a400000, 0x000000070a600000|  0%| F|  |TAMS 0x000000070a400000, 0x000000070a400000| Untracked 
|  63|0x000000070a600000, 0x000000070a600000, 0x000000070a800000|  0%| F|  |TAMS 0x000000070a600000, 0x000000070a600000| Untracked 
|  64|0x000000070a800000, 0x000000070a800000, 0x000000070aa00000|  0%| F|  |TAMS 0x000000070a800000, 0x000000070a800000| Untracked 
|  65|0x000000070aa00000, 0x000000070aa00000, 0x000000070ac00000|  0%| F|  |TAMS 0x000000070aa00000, 0x000000070aa00000| Untracked 
|  66|0x000000070ac00000, 0x000000070ac00000, 0x000000070ae00000|  0%| F|  |TAMS 0x000000070ac00000, 0x000000070ac00000| Untracked 
|  67|0x000000070ae00000, 0x000000070ae00000, 0x000000070b000000|  0%| F|  |TAMS 0x000000070ae00000, 0x000000070ae00000| Untracked 
|  68|0x000000070b000000, 0x000000070b000000, 0x000000070b200000|  0%| F|  |TAMS 0x000000070b000000, 0x000000070b000000| Untracked 
|  69|0x000000070b200000, 0x000000070b200000, 0x000000070b400000|  0%| F|  |TAMS 0x000000070b200000, 0x000000070b200000| Untracked 
|  70|0x000000070b400000, 0x000000070b400000, 0x000000070b600000|  0%| F|  |TAMS 0x000000070b400000, 0x000000070b400000| Untracked 
|  71|0x000000070b600000, 0x000000070b600000, 0x000000070b800000|  0%| F|  |TAMS 0x000000070b600000, 0x000000070b600000| Untracked 
|  72|0x000000070b800000, 0x000000070b800000, 0x000000070ba00000|  0%| F|  |TAMS 0x000000070b800000, 0x000000070b800000| Untracked 
|  73|0x000000070ba00000, 0x000000070ba00000, 0x000000070bc00000|  0%| F|  |TAMS 0x000000070ba00000, 0x000000070ba00000| Untracked 
|  74|0x000000070bc00000, 0x000000070bc00000, 0x000000070be00000|  0%| F|  |TAMS 0x000000070bc00000, 0x000000070bc00000| Untracked 
|  75|0x000000070be00000, 0x000000070be00000, 0x000000070c000000|  0%| F|  |TAMS 0x000000070be00000, 0x000000070be00000| Untracked 
|  76|0x000000070c000000, 0x000000070c000000, 0x000000070c200000|  0%| F|  |TAMS 0x000000070c000000, 0x000000070c000000| Untracked 
|  77|0x000000070c200000, 0x000000070c200000, 0x000000070c400000|  0%| F|  |TAMS 0x000000070c200000, 0x000000070c200000| Untracked 
|  78|0x000000070c400000, 0x000000070c400000, 0x000000070c600000|  0%| F|  |TAMS 0x000000070c400000, 0x000000070c400000| Untracked 
|  79|0x000000070c600000, 0x000000070c600000, 0x000000070c800000|  0%| F|  |TAMS 0x000000070c600000, 0x000000070c600000| Untracked 
|  80|0x000000070c800000, 0x000000070c800000, 0x000000070ca00000|  0%| F|  |TAMS 0x000000070c800000, 0x000000070c800000| Untracked 
|  81|0x000000070ca00000, 0x000000070ca00000, 0x000000070cc00000|  0%| F|  |TAMS 0x000000070ca00000, 0x000000070ca00000| Untracked 
|  82|0x000000070cc00000, 0x000000070cc00000, 0x000000070ce00000|  0%| F|  |TAMS 0x000000070cc00000, 0x000000070cc00000| Untracked 
|  83|0x000000070ce00000, 0x000000070ce00000, 0x000000070d000000|  0%| F|  |TAMS 0x000000070ce00000, 0x000000070ce00000| Untracked 
|  84|0x000000070d000000, 0x000000070d000000, 0x000000070d200000|  0%| F|  |TAMS 0x000000070d000000, 0x000000070d000000| Untracked 
|  85|0x000000070d200000, 0x000000070d200000, 0x000000070d400000|  0%| F|  |TAMS 0x000000070d200000, 0x000000070d200000| Untracked 
|  86|0x000000070d400000, 0x000000070d400000, 0x000000070d600000|  0%| F|  |TAMS 0x000000070d400000, 0x000000070d400000| Untracked 
|  87|0x000000070d600000, 0x000000070d600000, 0x000000070d800000|  0%| F|  |TAMS 0x000000070d600000, 0x000000070d600000| Untracked 
|  88|0x000000070d800000, 0x000000070d800000, 0x000000070da00000|  0%| F|  |TAMS 0x000000070d800000, 0x000000070d800000| Untracked 
|  89|0x000000070da00000, 0x000000070da00000, 0x000000070dc00000|  0%| F|  |TAMS 0x000000070da00000, 0x000000070da00000| Untracked 
|  90|0x000000070dc00000, 0x000000070dc00000, 0x000000070de00000|  0%| F|  |TAMS 0x000000070dc00000, 0x000000070dc00000| Untracked 
|  91|0x000000070de00000, 0x000000070de00000, 0x000000070e000000|  0%| F|  |TAMS 0x000000070de00000, 0x000000070de00000| Untracked 
|  92|0x000000070e000000, 0x000000070e000000, 0x000000070e200000|  0%| F|  |TAMS 0x000000070e000000, 0x000000070e000000| Untracked 
|  93|0x000000070e200000, 0x000000070e200000, 0x000000070e400000|  0%| F|  |TAMS 0x000000070e200000, 0x000000070e200000| Untracked 
|  94|0x000000070e400000, 0x000000070e400000, 0x000000070e600000|  0%| F|  |TAMS 0x000000070e400000, 0x000000070e400000| Untracked 
|  95|0x000000070e600000, 0x000000070e600000, 0x000000070e800000|  0%| F|  |TAMS 0x000000070e600000, 0x000000070e600000| Untracked 
|  96|0x000000070e800000, 0x000000070e800000, 0x000000070ea00000|  0%| F|  |TAMS 0x000000070e800000, 0x000000070e800000| Untracked 
|  97|0x000000070ea00000, 0x000000070ea00000, 0x000000070ec00000|  0%| F|  |TAMS 0x000000070ea00000, 0x000000070ea00000| Untracked 
|  98|0x000000070ec00000, 0x000000070ec00000, 0x000000070ee00000|  0%| F|  |TAMS 0x000000070ec00000, 0x000000070ec00000| Untracked 
|  99|0x000000070ee00000, 0x000000070ee00000, 0x000000070f000000|  0%| F|  |TAMS 0x000000070ee00000, 0x000000070ee00000| Untracked 
| 100|0x000000070f000000, 0x000000070f000000, 0x000000070f200000|  0%| F|  |TAMS 0x000000070f000000, 0x000000070f000000| Untracked 
| 101|0x000000070f200000, 0x000000070f200000, 0x000000070f400000|  0%| F|  |TAMS 0x000000070f200000, 0x000000070f200000| Untracked 
| 102|0x000000070f400000, 0x000000070f400000, 0x000000070f600000|  0%| F|  |TAMS 0x000000070f400000, 0x000000070f400000| Untracked 
| 103|0x000000070f600000, 0x000000070f600000, 0x000000070f800000|  0%| F|  |TAMS 0x000000070f600000, 0x000000070f600000| Untracked 
| 104|0x000000070f800000, 0x000000070f800000, 0x000000070fa00000|  0%| F|  |TAMS 0x000000070f800000, 0x000000070f800000| Untracked 
| 105|0x000000070fa00000, 0x000000070fa00000, 0x000000070fc00000|  0%| F|  |TAMS 0x000000070fa00000, 0x000000070fa00000| Untracked 
| 106|0x000000070fc00000, 0x000000070fc00000, 0x000000070fe00000|  0%| F|  |TAMS 0x000000070fc00000, 0x000000070fc00000| Untracked 
| 107|0x000000070fe00000, 0x000000070fe00000, 0x0000000710000000|  0%| F|  |TAMS 0x000000070fe00000, 0x000000070fe00000| Untracked 
| 108|0x0000000710000000, 0x0000000710000000, 0x0000000710200000|  0%| F|  |TAMS 0x0000000710000000, 0x0000000710000000| Untracked 
| 109|0x0000000710200000, 0x0000000710200000, 0x0000000710400000|  0%| F|  |TAMS 0x0000000710200000, 0x0000000710200000| Untracked 
| 110|0x0000000710400000, 0x0000000710400000, 0x0000000710600000|  0%| F|  |TAMS 0x0000000710400000, 0x0000000710400000| Untracked 
| 111|0x0000000710600000, 0x0000000710600000, 0x0000000710800000|  0%| F|  |TAMS 0x0000000710600000, 0x0000000710600000| Untracked 
| 112|0x0000000710800000, 0x0000000710800000, 0x0000000710a00000|  0%| F|  |TAMS 0x0000000710800000, 0x0000000710800000| Untracked 
| 113|0x0000000710a00000, 0x0000000710a00000, 0x0000000710c00000|  0%| F|  |TAMS 0x0000000710a00000, 0x0000000710a00000| Untracked 
| 114|0x0000000710c00000, 0x0000000710c00000, 0x0000000710e00000|  0%| F|  |TAMS 0x0000000710c00000, 0x0000000710c00000| Untracked 
| 115|0x0000000710e00000, 0x0000000710e00000, 0x0000000711000000|  0%| F|  |TAMS 0x0000000710e00000, 0x0000000710e00000| Untracked 
| 116|0x0000000711000000, 0x0000000711000000, 0x0000000711200000|  0%| F|  |TAMS 0x0000000711000000, 0x0000000711000000| Untracked 
| 117|0x0000000711200000, 0x0000000711200000, 0x0000000711400000|  0%| F|  |TAMS 0x0000000711200000, 0x0000000711200000| Untracked 
| 118|0x0000000711400000, 0x000000071152c660, 0x0000000711600000| 58%| S|CS|TAMS 0x0000000711400000, 0x0000000711400000| Complete 
| 119|0x0000000711600000, 0x00000007116509d0, 0x0000000711800000| 15%| E|  |TAMS 0x0000000711600000, 0x0000000711600000| Complete 
| 120|0x0000000711800000, 0x0000000711a00000, 0x0000000711a00000|100%| E|CS|TAMS 0x0000000711800000, 0x0000000711800000| Complete 
| 121|0x0000000711a00000, 0x0000000711c00000, 0x0000000711c00000|100%| E|CS|TAMS 0x0000000711a00000, 0x0000000711a00000| Complete 
| 122|0x0000000711c00000, 0x0000000711e00000, 0x0000000711e00000|100%| E|  |TAMS 0x0000000711c00000, 0x0000000711c00000| Complete 
| 123|0x0000000711e00000, 0x0000000712000000, 0x0000000712000000|100%| E|CS|TAMS 0x0000000711e00000, 0x0000000711e00000| Complete 
| 124|0x0000000712000000, 0x0000000712200000, 0x0000000712200000|100%| E|CS|TAMS 0x0000000712000000, 0x0000000712000000| Complete 
| 125|0x0000000712200000, 0x0000000712400000, 0x0000000712400000|100%| E|CS|TAMS 0x0000000712200000, 0x0000000712200000| Complete 
| 126|0x0000000712400000, 0x0000000712600000, 0x0000000712600000|100%| E|CS|TAMS 0x0000000712400000, 0x0000000712400000| Complete 

Card table byte_map: [0x000001bc10950000,0x000001bc11140000] _byte_map_base: 0x000001bc0d13c000

Marking Bits (Prev, Next): (CMBitMap*) 0x000001bc055cc3b0, (CMBitMap*) 0x000001bc055cc3f0
 Prev Bits: [0x000001bc11930000, 0x000001bc15890000)
 Next Bits: [0x000001bc15890000, 0x000001bc197f0000)

Polling page: 0x000001bc03400000

Metaspace:

Usage:
  Non-class:     10.62 MB used.
      Class:      1.60 MB used.
       Both:     12.22 MB used.

Virtual space:
  Non-class space:       64.00 MB reserved,      10.69 MB ( 17%) committed,  1 nodes.
      Class space:        1.00 GB reserved,       1.69 MB ( <1%) committed,  1 nodes.
             Both:        1.06 GB reserved,      12.38 MB (  1%) committed. 

Chunk freelists:
   Non-Class:  5.30 MB
       Class:  14.31 MB
        Both:  19.61 MB

MaxMetaspaceSize: unlimited
CompressedClassSpaceSize: 1.00 GB
Initial GC threshold: 21.00 MB
Current GC threshold: 21.00 MB
CDS: on
MetaspaceReclaimPolicy: balanced
 - commit_granule_bytes: 65536.
 - commit_granule_words: 8192.
 - virtual_space_node_default_size: 8388608.
 - enlarge_chunks_in_place: 1.
 - new_chunks_are_fully_committed: 0.
 - uncommit_free_chunks: 1.
 - use_allocation_guard: 0.
 - handle_deallocations: 1.


Internal statistics:

num_allocs_failed_limit: 0.
num_arena_births: 212.
num_arena_deaths: 0.
num_vsnodes_births: 2.
num_vsnodes_deaths: 0.
num_space_committed: 198.
num_space_uncommitted: 0.
num_chunks_returned_to_freelist: 0.
num_chunks_taken_from_freelist: 522.
num_chunk_merges: 0.
num_chunk_splits: 359.
num_chunks_enlarged: 269.
num_inconsistent_stats: 0.

CodeCache: size=49152Kb used=5029Kb max_used=5029Kb free=44122Kb
 bounds [0x000001bc0d050000, 0x000001bc0d540000, 0x000001bc10050000]
 total_blobs=2317 nmethods=1856 adapters=386
 compilation: enabled
              stopped_count=0, restarted_count=0
 full_count=0

Compilation events (20 events):
Event: 8.301 Thread 0x000001bc1c32c490 nmethod 1849 0x000001bc0d530990 code [0x000001bc0d530b80, 0x000001bc0d530f58]
Event: 8.301 Thread 0x000001bc1c32c490 1848       1       java.lang.invoke.InnerClassLambdaMetafactory$ForwardingMethodGenerator::generate (272 bytes)
Event: 8.301 Thread 0x000001bc1c414870 nmethod 1846 0x000001bc0d531290 code [0x000001bc0d531500, 0x000001bc0d531b48]
Event: 8.301 Thread 0x000001bc1c414870 1850       1       java.lang.invoke.InnerClassLambdaMetafactory$ForwardingMethodGenerator::invocationOpcode (104 bytes)
Event: 8.302 Thread 0x000001bc1c414870 nmethod 1850 0x000001bc0d531f10 code [0x000001bc0d532120, 0x000001bc0d5325f8]
Event: 8.302 Thread 0x000001bc1c414870 1851       1       java.lang.invoke.InnerClassLambdaMetafactory::getReturnOpcode (20 bytes)
Event: 8.302 Thread 0x000001bc1c414870 nmethod 1851 0x000001bc0d532810 code [0x000001bc0d5329a0, 0x000001bc0d532aa8]
Event: 8.302 Thread 0x000001bc1c414870 1852       1       jdk.internal.org.objectweb.asm.ClassWriter::visitEnd (1 bytes)
Event: 8.302 Thread 0x000001bc1c414870 nmethod 1852 0x000001bc0d532b10 code [0x000001bc0d532ca0, 0x000001bc0d532d58]
Event: 8.302 Thread 0x000001bc1c414870 1853       1       java.lang.invoke.MethodHandles$Lookup::defineHiddenClass (69 bytes)
Event: 8.303 Thread 0x000001bc1c32c490 nmethod 1848 0x000001bc0d532e10 code [0x000001bc0d5330e0, 0x000001bc0d5339e8]
Event: 8.303 Thread 0x000001bc1bfc6570 nmethod 1845 0x000001bc0d534010 code [0x000001bc0d534400, 0x000001bc0d535a58]
Event: 8.303 Thread 0x000001bc1c414870 nmethod 1853 0x000001bc0d536810 code [0x000001bc0d536aa0, 0x000001bc0d537228]
Event: 8.326 Thread 0x000001bc1c414870 1854       1       sun.reflect.generics.parser.SignatureParser::parseFieldTypeSignature (6 bytes)
Event: 8.326 Thread 0x000001bc1c32c490 1855       1       sun.reflect.generics.parser.SignatureParser::parseFieldTypeSignature (73 bytes)
Event: 8.326 Thread 0x000001bc1c414870 nmethod 1854 0x000001bc0d537690 code [0x000001bc0d537820, 0x000001bc0d537908]
Event: 8.326 Thread 0x000001bc1c32c490 nmethod 1855 0x000001bc0d537990 code [0x000001bc0d537ba0, 0x000001bc0d537f08]
Event: 8.328 Thread 0x000001bc1c32c490 1856       1       jdk.internal.loader.AbstractClassLoaderValue$Sub::parent (5 bytes)
Event: 8.328 Thread 0x000001bc1c32c490 nmethod 1856 0x000001bc0d538110 code [0x000001bc0d5382a0, 0x000001bc0d538378]
Event: 8.329 Thread 0x000001bc1c32c490 1857       1       jdk.internal.org.objectweb.asm.Frame::merge (395 bytes)

GC Heap History (4 events):
Event: 6.939 GC heap before
{Heap before GC invocations=0 (full 0):
 garbage-first heap   total 260096K, used 20480K [0x0000000702800000, 0x0000000800000000)
  region size 2048K, 11 young (22528K), 0 survivors (0K)
 Metaspace       used 6508K, committed 6720K, reserved 1114112K
  class space    used 798K, committed 896K, reserved 1048576K
}
Event: 6.948 GC heap after
{Heap after GC invocations=1 (full 0):
 garbage-first heap   total 260096K, used 7893K [0x0000000702800000, 0x0000000800000000)
  region size 2048K, 2 young (4096K), 2 survivors (4096K)
 Metaspace       used 6508K, committed 6720K, reserved 1114112K
  class space    used 798K, committed 896K, reserved 1048576K
}
Event: 7.856 GC heap before
{Heap before GC invocations=1 (full 0):
 garbage-first heap   total 260096K, used 24277K [0x0000000702800000, 0x0000000800000000)
  region size 2048K, 10 young (20480K), 2 survivors (4096K)
 Metaspace       used 9491K, committed 9728K, reserved 1114112K
  class space    used 1254K, committed 1408K, reserved 1048576K
}
Event: 7.863 GC heap after
{Heap after GC invocations=2 (full 0):
 garbage-first heap   total 260096K, used 9109K [0x0000000702800000, 0x0000000800000000)
  region size 2048K, 1 young (2048K), 1 survivors (2048K)
 Metaspace       used 9491K, committed 9728K, reserved 1114112K
  class space    used 1254K, committed 1408K, reserved 1048576K
}

Dll operation events (12 events):
Event: 0.041 Loaded shared library C:\Users\Andre\.jdks\corretto-17.0.10\bin\java.dll
Event: 0.097 Loaded shared library C:\Users\Andre\.jdks\corretto-17.0.10\bin\jsvml.dll
Event: 0.404 Loaded shared library C:\Users\Andre\.jdks\corretto-17.0.10\bin\zip.dll
Event: 0.410 Loaded shared library C:\Users\Andre\.jdks\corretto-17.0.10\bin\instrument.dll
Event: 0.435 Loaded shared library C:\Users\Andre\.jdks\corretto-17.0.10\bin\net.dll
Event: 0.481 Loaded shared library C:\Users\Andre\.jdks\corretto-17.0.10\bin\nio.dll
Event: 0.526 Loaded shared library C:\Users\Andre\.jdks\corretto-17.0.10\bin\zip.dll
Event: 1.160 Loaded shared library C:\Program Files\JetBrains\IntelliJ IDEA 2023.3.4\bin\breakgen64.dll
Event: 1.173 Loaded shared library C:\Users\Andre\.jdks\corretto-17.0.10\bin\jimage.dll
Event: 1.495 Loaded shared library C:\Users\Andre\.jdks\corretto-17.0.10\bin\extnet.dll
Event: 1.512 Loaded shared library C:\Users\Andre\.jdks\corretto-17.0.10\bin\management.dll
Event: 1.671 Loaded shared library C:\Users\Andre\.jdks\corretto-17.0.10\bin\management_ext.dll

Deoptimization events (0 events):
No events

Classes unloaded (0 events):
No events

Classes redefined (0 events):
No events

Internal exceptions (20 events):
Event: 7.675 Thread 0x000001bc0555e5f0 Exception <a 'java/lang/NoSuchMethodError'{0x0000000711beefb8}: 'java.lang.Object java.lang.invoke.DirectMethodHandle$Holder.invokeSpecial(java.lang.Object, java.lang.Object, java.lang.Object, java.lang.Object, java.lang.Object, java.lang.Object, int)'> (0x0000000711beefb8) 
thrown [s\src\hotspot\share\interpreter\linkResolver.cpp, line 759]
Event: 7.676 Thread 0x000001bc0555e5f0 Exception <a 'java/lang/NoSuchMethodError'{0x0000000711bf9520}: 'java.lang.Object java.lang.invoke.DirectMethodHandle$Holder.newInvokeSpecial(java.lang.Object, java.lang.Object, java.lang.Object, java.lang.Object, java.lang.Object, java.lang.Object, int)'> (0x0000000711bf9520) 
thrown [s\src\hotspot\share\interpreter\linkResolver.cpp, line 759]
Event: 7.677 Thread 0x000001bc0555e5f0 Exception <a 'java/lang/NoSuchMethodError'{0x0000000711bfe560}: 'java.lang.Object java.lang.invoke.DirectMethodHandle$Holder.invokeSpecial(java.lang.Object, java.lang.Object, java.lang.Object, java.lang.Object, java.lang.Object, java.lang.Object, java.lang.Object, int)'> (0x0000000711bfe560) 
thrown [s\src\hotspot\share\interpreter\linkResolver.cpp, line 759]
Event: 7.800 Thread 0x000001bc0555e5f0 Exception <a 'java/lang/NoSuchMethodError'{0x0000000711682718}: 'java.lang.Object java.lang.invoke.DirectMethodHandle$Holder.invokeSpecial(java.lang.Object, java.lang.Object, java.lang.Object, int, java.lang.Object)'> (0x0000000711682718) 
thrown [s\src\hotspot\share\interpreter\linkResolver.cpp, line 759]
Event: 7.801 Thread 0x000001bc0555e5f0 Exception <a 'java/lang/NoSuchMethodError'{0x000000071168ad78}: 'java.lang.Object java.lang.invoke.DirectMethodHandle$Holder.newInvokeSpecial(java.lang.Object, java.lang.Object, java.lang.Object, int, java.lang.Object)'> (0x000000071168ad78) 
thrown [s\src\hotspot\share\interpreter\linkResolver.cpp, line 759]
Event: 7.801 Thread 0x000001bc0555e5f0 Exception <a 'java/lang/NoSuchMethodError'{0x0000000711692748}: 'java.lang.Object java.lang.invoke.Invokers$Holder.linkToTargetMethod(java.lang.Object, java.lang.Object, int, java.lang.Object, java.lang.Object)'> (0x0000000711692748) 
thrown [s\src\hotspot\share\interpreter\linkResolver.cpp, line 759]
Event: 7.803 Thread 0x000001bc0555e5f0 Exception <a 'java/lang/NoSuchMethodError'{0x00000007116a2a00}: 'java.lang.Object java.lang.invoke.DirectMethodHandle$Holder.newInvokeSpecial(java.lang.Object, int, java.lang.Object)'> (0x00000007116a2a00) 
thrown [s\src\hotspot\share\interpreter\linkResolver.cpp, line 759]
Event: 7.804 Thread 0x000001bc0555e5f0 Exception <a 'java/lang/NoSuchMethodError'{0x00000007116a7440}: 'int java.lang.invoke.DirectMethodHandle$Holder.invokeSpecialIFC(java.lang.Object, java.lang.Object, java.lang.Object, java.lang.Object)'> (0x00000007116a7440) 
thrown [s\src\hotspot\share\interpreter\linkResolver.cpp, line 759]
Event: 7.826 Thread 0x000001bc0555e5f0 Exception <a 'java/lang/NoSuchMethodError'{0x00000007117862c8}: 'void java.lang.invoke.DirectMethodHandle$Holder.invokeInterface(java.lang.Object, java.lang.Object, java.lang.Object)'> (0x00000007117862c8) 
thrown [s\src\hotspot\share\interpreter\linkResolver.cpp, line 759]
Event: 7.876 Thread 0x000001bc0555e5f0 Exception <a 'java/lang/NoSuchMethodError'{0x0000000712432450}: 'java.lang.Object java.lang.invoke.DirectMethodHandle$Holder.invokeVirtual(java.lang.Object, java.lang.Object, java.lang.Object)'> (0x0000000712432450) 
thrown [s\src\hotspot\share\interpreter\linkResolver.cpp, line 759]
Event: 7.925 Thread 0x000001bc0555e5f0 Exception <a 'java/lang/NoSuchMethodError'{0x00000007125939e0}: 'void java.lang.invoke.DirectMethodHandle$Holder.invokeStatic(java.lang.Object, java.lang.Object, int)'> (0x00000007125939e0) 
thrown [s\src\hotspot\share\interpreter\linkResolver.cpp, line 759]
Event: 7.935 Thread 0x000001bc0555e5f0 Exception <a 'java/lang/NoSuchMethodError'{0x00000007125ad280}: 'void java.lang.invoke.DirectMethodHandle$Holder.invokeStaticInit(java.lang.Object, java.lang.Object, java.lang.Object)'> (0x00000007125ad280) 
thrown [s\src\hotspot\share\interpreter\linkResolver.cpp, line 759]
Event: 7.947 Thread 0x000001bc0555e5f0 Exception <a 'java/lang/NoSuchMethodError'{0x00000007125fa1c0}: 'java.lang.Object java.lang.invoke.DirectMethodHandle$Holder.invokeStatic(java.lang.Object, java.lang.Object, long, java.lang.Object)'> (0x00000007125fa1c0) 
thrown [s\src\hotspot\share\interpreter\linkResolver.cpp, line 759]
Event: 7.947 Thread 0x000001bc0555e5f0 Exception <a 'java/lang/NoSuchMethodError'{0x00000007125fdc58}: 'java.lang.Object java.lang.invoke.DirectMethodHandle$Holder.invokeStaticInit(java.lang.Object, java.lang.Object, long, java.lang.Object)'> (0x00000007125fdc58) 
thrown [s\src\hotspot\share\interpreter\linkResolver.cpp, line 759]
Event: 7.948 Thread 0x000001bc0555e5f0 Exception <a 'java/lang/NoSuchMethodError'{0x000000071226bda8}: 'java.lang.Object java.lang.invoke.DirectMethodHandle$Holder.newInvokeSpecial(java.lang.Object, java.lang.Object, long)'> (0x000000071226bda8) 
thrown [s\src\hotspot\share\interpreter\linkResolver.cpp, line 759]
Event: 7.948 Thread 0x000001bc0555e5f0 Exception <a 'java/lang/NoSuchMethodError'{0x000000071226f918}: 'java.lang.Object java.lang.invoke.Invokers$Holder.linkToTargetMethod(java.lang.Object, long, java.lang.Object)'> (0x000000071226f918) 
thrown [s\src\hotspot\share\interpreter\linkResolver.cpp, line 759]
Event: 7.975 Thread 0x000001bc0555e5f0 Exception <a 'java/lang/NoSuchMethodError'{0x00000007122d7bb8}: 'void java.lang.invoke.DirectMethodHandle$Holder.invokeSpecial(java.lang.Object, java.lang.Object, java.lang.Object, java.lang.Object, java.lang.Object)'> (0x00000007122d7bb8) 
thrown [s\src\hotspot\share\interpreter\linkResolver.cpp, line 759]
Event: 7.976 Thread 0x000001bc0555e5f0 Exception <a 'java/lang/NoSuchMethodError'{0x00000007122e01d0}: 'void java.lang.invoke.DirectMethodHandle$Holder.invokeVirtual(java.lang.Object, java.lang.Object, java.lang.Object, java.lang.Object)'> (0x00000007122e01d0) 
thrown [s\src\hotspot\share\interpreter\linkResolver.cpp, line 759]
Event: 8.093 Thread 0x000001bc0555e5f0 Exception <a 'java/lang/NoSuchMethodError'{0x00000007120e9070}: 'void java.lang.invoke.DirectMethodHandle$Holder.invokeSpecial(java.lang.Object, java.lang.Object, java.lang.Object)'> (0x00000007120e9070) 
thrown [s\src\hotspot\share\interpreter\linkResolver.cpp, line 759]
Event: 8.104 Thread 0x000001bc0555e5f0 Exception <a 'java/lang/IncompatibleClassChangeError'{0x000000071211afd8}: Found class java.lang.Object, but interface was expected> (0x000000071211afd8) 
thrown [s\src\hotspot\share\interpreter\linkResolver.cpp, line 826]

VM Operations (20 events):
Event: 5.454 Executing VM operation: HandshakeAllThreads
Event: 5.454 Executing VM operation: HandshakeAllThreads done
Event: 6.231 Executing VM operation: HandshakeAllThreads
Event: 6.231 Executing VM operation: HandshakeAllThreads done
Event: 6.231 Executing VM operation: Cleanup
Event: 6.231 Executing VM operation: Cleanup done
Event: 6.428 Executing VM operation: HandshakeAllThreads
Event: 6.428 Executing VM operation: HandshakeAllThreads done
Event: 6.939 Executing VM operation: G1CollectForAllocation
Event: 6.948 Executing VM operation: G1CollectForAllocation done
Event: 7.245 Executing VM operation: HandshakeAllThreads
Event: 7.245 Executing VM operation: HandshakeAllThreads done
Event: 7.775 Executing VM operation: HandshakeAllThreads
Event: 7.775 Executing VM operation: HandshakeAllThreads done
Event: 7.856 Executing VM operation: G1CollectForAllocation
Event: 7.863 Executing VM operation: G1CollectForAllocation done
Event: 8.076 Executing VM operation: HandshakeAllThreads
Event: 8.076 Executing VM operation: HandshakeAllThreads done
Event: 8.085 Executing VM operation: HandshakeAllThreads
Event: 8.086 Executing VM operation: HandshakeAllThreads done

Events (20 events):
Event: 8.223 loading class com/sun/org/apache/xalan/internal/utils/FeaturePropertyBase done
Event: 8.223 loading class com/sun/org/apache/xalan/internal/utils/XMLSecurityPropertyManager done
Event: 8.223 loading class com/sun/org/apache/xalan/internal/utils/FeaturePropertyBase$State
Event: 8.223 loading class com/sun/org/apache/xalan/internal/utils/FeaturePropertyBase$State done
Event: 8.223 loading class com/sun/org/apache/xalan/internal/utils/XMLSecurityPropertyManager$Property
Event: 8.223 loading class com/sun/org/apache/xalan/internal/utils/XMLSecurityPropertyManager$Property done
Event: 8.223 loading class jdk/xml/internal/XMLSecurityManager
Event: 8.224 loading class jdk/xml/internal/XMLSecurityManager done
Event: 8.224 loading class jdk/xml/internal/XMLSecurityManager$Limit
Event: 8.224 loading class jdk/xml/internal/XMLSecurityManager$Limit done
Event: 8.224 loading class jdk/xml/internal/XMLSecurityManager$Processor
Event: 8.224 loading class jdk/xml/internal/XMLSecurityManager$Processor done
Event: 8.225 loading class jdk/xml/internal/XMLSecurityManager$NameMap
Event: 8.225 loading class jdk/xml/internal/XMLSecurityManager$NameMap done
Event: 8.225 loading class jdk/xml/internal/JdkProperty
Event: 8.225 loading class jdk/xml/internal/JdkProperty done
Event: 8.232 loading class java/io/NotSerializableException
Event: 8.232 loading class java/io/ObjectStreamException
Event: 8.232 loading class java/io/ObjectStreamException done
Event: 8.232 loading class java/io/NotSerializableException done


Dynamic libraries:
0x00007ff6151a0000 - 0x00007ff6151ae000 	C:\Users\Andre\.jdks\corretto-17.0.10\bin\java.exe
0x00007ffdcfdb0000 - 0x00007ffdcffc6000 	C:\WINDOWS\SYSTEM32\ntdll.dll
0x00007ffdce810000 - 0x00007ffdce8d4000 	C:\WINDOWS\System32\KERNEL32.DLL
0x00007ffdcd300000 - 0x00007ffdcd6a6000 	C:\WINDOWS\System32\KERNELBASE.dll
0x00007ffdcd9e0000 - 0x00007ffdcdaf1000 	C:\WINDOWS\System32\ucrtbase.dll
0x00007ffdb4d60000 - 0x00007ffdb4d7b000 	C:\Users\Andre\.jdks\corretto-17.0.10\bin\VCRUNTIME140.dll
0x00007ffdbe200000 - 0x00007ffdbe217000 	C:\Users\Andre\.jdks\corretto-17.0.10\bin\jli.dll
0x00007ffdcfb10000 - 0x00007ffdcfcbd000 	C:\WINDOWS\System32\USER32.dll
0x00007ffdcd160000 - 0x00007ffdcd186000 	C:\WINDOWS\System32\win32u.dll
0x00007ffdce2c0000 - 0x00007ffdce2e9000 	C:\WINDOWS\System32\GDI32.dll
0x00007ffdcd750000 - 0x00007ffdcd868000 	C:\WINDOWS\System32\gdi32full.dll
0x00007ffdcd6b0000 - 0x00007ffdcd74a000 	C:\WINDOWS\System32\msvcp_win.dll
0x00007ffdb2340000 - 0x00007ffdb25d3000 	C:\WINDOWS\WinSxS\amd64_microsoft.windows.common-controls_6595b64144ccf1df_6.0.22621.3235_none_270f74e173860f98\COMCTL32.dll
0x00007ffdcdb80000 - 0x00007ffdcdc27000 	C:\WINDOWS\System32\msvcrt.dll
0x00007ffdce120000 - 0x00007ffdce151000 	C:\WINDOWS\System32\IMM32.DLL
0x00007ffdbcf10000 - 0x00007ffdbcf1c000 	C:\Users\Andre\.jdks\corretto-17.0.10\bin\vcruntime140_1.dll
0x00007ffd36e10000 - 0x00007ffd36e9d000 	C:\Users\Andre\.jdks\corretto-17.0.10\bin\msvcp140.dll
0x00007ffce3480000 - 0x00007ffce40e2000 	C:\Users\Andre\.jdks\corretto-17.0.10\bin\server\jvm.dll
0x00007ffdcf0b0000 - 0x00007ffdcf162000 	C:\WINDOWS\System32\ADVAPI32.dll
0x00007ffdced40000 - 0x00007ffdcede8000 	C:\WINDOWS\System32\sechost.dll
0x00007ffdcd210000 - 0x00007ffdcd238000 	C:\WINDOWS\System32\bcrypt.dll
0x00007ffdce360000 - 0x00007ffdce475000 	C:\WINDOWS\System32\RPCRT4.dll
0x00007ffdcca60000 - 0x00007ffdccaad000 	C:\WINDOWS\SYSTEM32\POWRPROF.dll
0x00007ffdc2eb0000 - 0x00007ffdc2eba000 	C:\WINDOWS\SYSTEM32\VERSION.dll
0x00007ffdc2310000 - 0x00007ffdc2344000 	C:\WINDOWS\SYSTEM32\WINMM.dll
0x00007ffda3470000 - 0x00007ffda3479000 	C:\WINDOWS\SYSTEM32\WSOCK32.dll
0x00007ffdcdb00000 - 0x00007ffdcdb71000 	C:\WINDOWS\System32\ws2_32.DLL
0x00007ffdcc9a0000 - 0x00007ffdcc9b3000 	C:\WINDOWS\SYSTEM32\UMPDC.dll
0x00007ffdcc0f0000 - 0x00007ffdcc108000 	C:\WINDOWS\SYSTEM32\kernel.appcore.dll
0x00007ffdb57c0000 - 0x00007ffdb57ca000 	C:\Users\Andre\.jdks\corretto-17.0.10\bin\jimage.dll
0x00007ffdc4460000 - 0x00007ffdc4693000 	C:\WINDOWS\SYSTEM32\DBGHELP.DLL
0x00007ffdce480000 - 0x00007ffdce808000 	C:\WINDOWS\System32\combase.dll
0x00007ffdce960000 - 0x00007ffdcea37000 	C:\WINDOWS\System32\OLEAUT32.dll
0x00007ffda4de0000 - 0x00007ffda4e12000 	C:\WINDOWS\SYSTEM32\dbgcore.DLL
0x00007ffdcd190000 - 0x00007ffdcd20a000 	C:\WINDOWS\System32\bcryptPrimitives.dll
0x00007ffdb54d0000 - 0x00007ffdb54de000 	C:\Users\Andre\.jdks\corretto-17.0.10\bin\instrument.dll
0x00007ffdaace0000 - 0x00007ffdaad05000 	C:\Users\Andre\.jdks\corretto-17.0.10\bin\java.dll
0x00007ffd36470000 - 0x00007ffd36547000 	C:\Users\Andre\.jdks\corretto-17.0.10\bin\jsvml.dll
0x00007ffdcf190000 - 0x00007ffdcf9ed000 	C:\WINDOWS\System32\SHELL32.dll
0x00007ffdcb000000 - 0x00007ffdcb8f8000 	C:\WINDOWS\SYSTEM32\windows.storage.dll
0x00007ffdcaec0000 - 0x00007ffdcaffe000 	C:\WINDOWS\SYSTEM32\wintypes.dll
0x00007ffdce1c0000 - 0x00007ffdce2b3000 	C:\WINDOWS\System32\SHCORE.dll
0x00007ffdce0b0000 - 0x00007ffdce10e000 	C:\WINDOWS\System32\shlwapi.dll
0x00007ffdcd020000 - 0x00007ffdcd046000 	C:\WINDOWS\SYSTEM32\profapi.dll
0x00007ffdb10e0000 - 0x00007ffdb10f8000 	C:\Users\Andre\.jdks\corretto-17.0.10\bin\zip.dll
0x00007ffdadad0000 - 0x00007ffdadae9000 	C:\Users\Andre\.jdks\corretto-17.0.10\bin\net.dll
0x00007ffdca3f0000 - 0x00007ffdca527000 	C:\WINDOWS\SYSTEM32\WINHTTP.dll
0x00007ffdcc570000 - 0x00007ffdcc5d9000 	C:\WINDOWS\system32\mswsock.dll
0x00007ffdad820000 - 0x00007ffdad836000 	C:\Users\Andre\.jdks\corretto-17.0.10\bin\nio.dll
0x00007ffd886f0000 - 0x00007ffd8870a000 	C:\Program Files\JetBrains\IntelliJ IDEA 2023.3.4\bin\breakgen64.dll
0x00007ffdcbb90000 - 0x00007ffdcbc89000 	C:\WINDOWS\SYSTEM32\DNSAPI.dll
0x00007ffdcbb60000 - 0x00007ffdcbb8d000 	C:\WINDOWS\SYSTEM32\IPHLPAPI.DLL
0x00007ffdce110000 - 0x00007ffdce119000 	C:\WINDOWS\System32\NSI.dll
0x00007ffdbdcc0000 - 0x00007ffdbdcca000 	C:\Windows\System32\rasadhlp.dll
0x00007ffdc0a50000 - 0x00007ffdc0ad3000 	C:\WINDOWS\System32\fwpuclnt.dll
0x00007ffdad6a0000 - 0x00007ffdad6a9000 	C:\Users\Andre\.jdks\corretto-17.0.10\bin\extnet.dll
0x00007ffdb4370000 - 0x00007ffdb4379000 	C:\Users\Andre\.jdks\corretto-17.0.10\bin\management.dll
0x00007ffdaf580000 - 0x00007ffdaf58b000 	C:\Users\Andre\.jdks\corretto-17.0.10\bin\management_ext.dll
0x00007ffdce2f0000 - 0x00007ffdce2f8000 	C:\WINDOWS\System32\PSAPI.DLL
0x00007ffdcc880000 - 0x00007ffdcc89b000 	C:\WINDOWS\SYSTEM32\CRYPTSP.dll
0x00007ffdcc050000 - 0x00007ffdcc085000 	C:\WINDOWS\system32\rsaenh.dll
0x00007ffdcc6f0000 - 0x00007ffdcc71c000 	C:\WINDOWS\SYSTEM32\USERENV.dll
0x00007ffdcc870000 - 0x00007ffdcc87c000 	C:\WINDOWS\SYSTEM32\CRYPTBASE.dll
0x00007ffdc22f0000 - 0x00007ffdc2309000 	C:\WINDOWS\SYSTEM32\dhcpcsvc6.DLL
0x00007ffdc22d0000 - 0x00007ffdc22ef000 	C:\WINDOWS\SYSTEM32\dhcpcsvc.DLL
0x00007ffda5630000 - 0x00007ffda5647000 	C:\WINDOWS\system32\napinsp.dll
0x00007ffda5610000 - 0x00007ffda562b000 	C:\WINDOWS\system32\pnrpnsp.dll
0x00007ffda55c0000 - 0x00007ffda55d1000 	C:\WINDOWS\System32\winrnr.dll
0x00007ffdc0c90000 - 0x00007ffdc0ca5000 	C:\WINDOWS\system32\wshbth.dll
0x00007ffda5590000 - 0x00007ffda55b1000 	C:\WINDOWS\system32\nlansp_c.dll

dbghelp: loaded successfully - version: 4.0.5 - missing functions: none
symbol engine: initialized successfully - sym options: 0x614 - pdb path: .;C:\Users\Andre\.jdks\corretto-17.0.10\bin;C:\WINDOWS\SYSTEM32;C:\WINDOWS\WinSxS\amd64_microsoft.windows.common-controls_6595b64144ccf1df_6.0.22621.3235_none_270f74e173860f98;C:\Users\Andre\.jdks\corretto-17.0.10\bin\server;C:\Program Files\JetBrains\IntelliJ IDEA 2023.3.4\bin

VM Arguments:
jvm_args: -XX:TieredStopAtLevel=1 -Dspring.output.ansi.enabled=always -Dcom.sun.management.jmxremote -Dspring.jmx.enabled=true -Dspring.liveBeansView.mbeanDomain -Dspring.application.admin.enabled=true -Dmanagement.endpoints.jmx.exposure.include=* -javaagent:C:\Program Files\JetBrains\IntelliJ IDEA 2023.3.4\lib\idea_rt.jar=63022:C:\Program Files\JetBrains\IntelliJ IDEA 2023.3.4\bin -Dfile.encoding=UTF-8 
java_command: at.fhv.lab1.commandclient.writer_repository.repositories.SchemaCreator
java_class_path (initial): F:\FHVorarlberg\Studium\Semester4\Systemarchitekturen\Seminar\Lab01-CQRSundEvent-Sourcing\CQRSundEventSourcing\build\classes\java\main;F:\FHVorarlberg\Studium\Semester4\Systemarchitekturen\Seminar\Lab01-CQRSundEvent-Sourcing\CQRSundEventSourcing\build\resources\main;C:\Users\Andre\.gradle\caches\modules-2\files-2.1\org.springframework.boot\spring-boot-starter-webflux\3.2.3\94ced38f4b6b089d9708a5e7831ad182a88546fb\spring-boot-starter-webflux-3.2.3.jar;C:\Users\Andre\.gradle\caches\modules-2\files-2.1\org.springframework.boot\spring-boot-starter-web\3.2.3\bf2b775d4f4e6349129c64de30939a5493779706\spring-boot-starter-web-3.2.3.jar;C:\Users\Andre\.gradle\caches\modules-2\files-2.1\org.springdoc\springdoc-openapi-starter-webmvc-ui\2.1.0\f31615e90b61d18a46a701d5c10e9e505a49a984\springdoc-openapi-starter-webmvc-ui-2.1.0.jar;C:\Users\Andre\.gradle\caches\modules-2\files-2.1\org.springframework.boot\spring-boot-starter-data-jpa\3.2.3\1fd0770b23c57627e5a37726fb4060f5bfa4da6f\spring-boot-starter-data-jpa-3.2.3.jar;C:\Users\Andre\.gradle\caches\modules-2\files-2.1\org.postgresql\postgresql\42.3.1\9ca7df660e875b91c78e3d1608d4d7469ad3470c\postgresql-42.3.1.jar;C:\Users\Andre\.gradle\caches\modules-2\files-2.1\org.springframework.boot\spring-boot-starter-json\3.2.3\c71ec683425f09b7a213358d3b22959d929d1108\spring-boot-starter-json-3.2.3.jar;C:\Users\Andre\.gradle\caches\modules-2\files-2.1\org.springframework.boot\spring-boot-starter\3.2.3\15f3e03b0fd9570f90bdce9651610cc152534cf4\spring-boot-starter-3.2.3.jar;C:\Users\Andre\.gradle\caches\modules-2\files-2.1\org.springframework.boot\spring-boot-starter-reactor-netty\3.2.3\558d5d87aaae97cfa954232192211a1243641cc1\spring-boot-starter-reactor-netty-3.2.3.jar;C:\Users\Andre\.gradle\caches\modules-2\files-2.1\org.springframework\spring-webflux\6.1.4\c559d4e0c44a735dc4fcd09bed6e7981903f9e0a\spring-webflux-6.1.4.jar;C:\Users\Andre\.gradle\caches\modules-2\files-2.1\org.springframework\spring-web\6.1.4\b237532e0
Launcher Type: SUN_STANDARD

[Global flags]
     intx CICompilerCount                          = 4                                         {product} {ergonomic}
     uint ConcGCThreads                            = 2                                         {product} {ergonomic}
     uint G1ConcRefinementThreads                  = 8                                         {product} {ergonomic}
   size_t G1HeapRegionSize                         = 2097152                                   {product} {ergonomic}
    uintx GCDrainStackTargetSize                   = 64                                        {product} {ergonomic}
   size_t InitialHeapSize                          = 266338304                                 {product} {ergonomic}
     bool ManagementServer                         = true                                      {product} {command line}
   size_t MarkStackSize                            = 4194304                                   {product} {ergonomic}
   size_t MaxHeapSize                              = 4253024256                                {product} {ergonomic}
   size_t MaxNewSize                               = 2550136832                                {product} {ergonomic}
   size_t MinHeapDeltaBytes                        = 2097152                                   {product} {ergonomic}
   size_t MinHeapSize                              = 8388608                                   {product} {ergonomic}
    uintx NonProfiledCodeHeapSize                  = 0                                      {pd product} {ergonomic}
     bool ProfileInterpreter                       = false                                  {pd product} {command line}
    uintx ProfiledCodeHeapSize                     = 0                                      {pd product} {ergonomic}
   size_t SoftMaxHeapSize                          = 4253024256                             {manageable} {ergonomic}
     intx TieredStopAtLevel                        = 1                                         {product} {command line}
     bool UseCompressedClassPointers               = true                           {product lp64_product} {ergonomic}
     bool UseCompressedOops                        = true                           {product lp64_product} {ergonomic}
     bool UseG1GC                                  = true                                      {product} {ergonomic}
     bool UseLargePagesIndividualAllocation        = false                                  {pd product} {ergonomic}

Logging:
Log output configuration:
 #0: stdout all=warning uptime,level,tags
 #1: stderr all=off uptime,level,tags

Environment Variables:
PATH=C:\Program Files\OpenSSL-Win64\bin;C:\Program Files\Common Files\Oracle\Java\javapath;C:\Program Files (x86)\Intel\Intel(R) Management Engine Components\iCLS\;C:\Program Files\Intel\Intel(R) Management Engine Components\iCLS\;C:\windows\system32;C:\windows;C:\windows\System32\Wbem;C:\windows\System32\WindowsPowerShell\v1.0\;C:\windows\System32\OpenSSH\;C:\Program Files (x86)\Intel\Intel(R) Management Engine Components\DAL;C:\Program Files\Intel\Intel(R) Management Engine Components\DAL;C:\Program Files (x86)\Intel\Intel(R) Management Engine Components\IPT;C:\Program Files\Intel\Intel(R) Management Engine Components\IPT;C:\Program Files (x86)\NVIDIA Corporation\PhysX\Common;C:\Program Files\Intel\WiFi\bin\;C:\Program Files\Common Files\Intel\WirelessCommon\;C:\WINDOWS\system32;C:\WINDOWS;C:\WINDOWS\System32\Wbem;C:\WINDOWS\System32\WindowsPowerShell\v1.0\;C:\WINDOWS\System32\OpenSSH\;C:\Program Files\Git\cmd;C:\WINDOWS\system32;C:\WINDOWS;C:\WINDOWS\System32\Wbem;C:\WINDOWS\System32\WindowsPowerShell\v1.0\;C:\WINDOWS\System32\OpenSSH\;C:\Program Files\Java\jdk-19\bin;C:\Strawberry\c\bin;C:\Strawberry\perl\site\bin;C:\Strawberry\perl\bin;C:\Users\Andre\AppData\Local\bin\NASM;C:\Program Files\Docker\Docker\resources\bin;C:\Users\Andre\AppData\Roaming\nvm;C:\Program Files\nodejs;C:\Users\Andre\AppData\Local\Microsoft\WindowsApps;C:\Users\Andre\AppData\Local\Programs\Microsoft VS Code\bin;C:\Users\Andre\AppData\Roaming\npm;C:\Users\Andre\AppData\Local\Packages\PythonSoftwareFoundation.Python.3.10_qbz5n2kfra8p0\LocalCache\local-packages\Python310\Scripts;C:\Users\Andre\AppData\Local\Programs\Python\Python39\;C:\Users\Andre\AppData\Local\Programs\Python\Python39\Scripts\;C:\Program Files\JetBrains\DataGrip 2022.3.3\bin;;C:\Users\Andre\AppData\Local\Programs\MiKTeX\miktex\bin\x64\;C:\Users\Andre\AppData\Roaming\nvm;C:\Program Files\nodejs;C:\Program Files\JetBrains\IntelliJ IDEA Community Edition 2023.3.4\bin;;C:\Program Files\JetBrains\IntelliJ IDEA 2023.3.4\bin;
USERNAME=Andre
OS=Windows_NT
PROCESSOR_IDENTIFIER=Intel64 Family 6 Model 142 Stepping 10, GenuineIntel
TMP=C:\Users\Andre\AppData\Local\Temp
TEMP=C:\Users\Andre\AppData\Local\Temp



Periodic native trim disabled


---------------  S Y S T E M  ---------------

OS:
 Windows 11 , 64 bit Build 22621 (10.0.22621.3235)
OS uptime: 4 days 8:47 hours
Hyper-V role detected

CPU: total 8 (initial active 8) (4 cores per cpu, 2 threads per core) family 6 model 142 stepping 10 microcode 0xe0, cx8, cmov, fxsr, ht, mmx, 3dnowpref, sse, sse2, sse3, ssse3, sse4.1, sse4.2, popcnt, lzcnt, tsc, tscinvbit, avx, avx2, aes, erms, clmul, bmi1, bmi2, adx, fma, vzeroupper, clflush, clflushopt, hv
Processor Information for all 8 processors :
  Max Mhz: 1992, Current Mhz: 1792, Mhz Limit: 1792

Memory: 4k page, system-wide physical 16218M (914M free)
TotalPageFile size 32829M (AvailPageFile size 342M)
current process WorkingSet (physical memory assigned to process): 95M, peak: 95M
current process commit charge ("private bytes"): 364M, peak: 364M

vm_info: OpenJDK 64-Bit Server VM (17.0.10+7-LTS) for windows-amd64 JRE (17.0.10+7-LTS), built on Jan 10 2024 22:11:07 by "Administrator" with MS VC++ 16.10 / 16.11 (VS2019)

END.
